21:38:17 [INFO] Cog loaded: on_ready
21:38:17 [INFO] Cog loaded: on_command_error
21:38:17 [INFO] Cog loaded: dm
21:38:17 [INFO] Cog loaded: idea
21:38:17 [INFO] Cog loaded: embed
21:38:17 [INFO] Cog loaded: help
21:38:17 [INFO] Cog loaded: say
21:38:17 [INFO] Cog loaded: hex
21:38:17 [INFO] Cog loaded: ascii
21:38:17 [INFO] Cog loaded: info
21:38:17 [INFO] Cog loaded: meme
21:38:17 [INFO] Cog loaded: yt
21:38:17 [INFO] Cog loaded: iq
21:38:17 [INFO] Cog loaded: tts
21:38:17 [INFO] Cog loaded: logs
21:38:17 [INFO] Cog loaded: alt
21:38:18 [INFO] Cog loaded: music
21:38:18 [INFO] Cog loaded: whois
21:38:18 [INFO] Cog loaded: pp
21:38:18 [INFO] Cog loaded: nick
21:38:18 [INFO] Cog loaded: rate
21:38:18 [INFO] Cog loaded: can
21:38:18 [INFO] Cog loaded: loop_template
21:38:20 [INFO] Startup: Pybot#9863 is online!
