21:23:48 [INFO] Cog loaded: on_ready
21:23:48 [INFO] Cog loaded: on_command_error
21:23:48 [INFO] Cog loaded: dm
21:23:48 [INFO] Cog loaded: idea
21:23:48 [INFO] Cog loaded: embed
21:23:48 [INFO] Cog loaded: help
21:23:48 [INFO] Cog loaded: say
21:23:48 [INFO] Cog loaded: hex
21:23:48 [INFO] Cog loaded: ascii
21:23:48 [INFO] Cog loaded: info
21:23:48 [INFO] Cog loaded: meme
21:23:48 [INFO] Cog loaded: yt
21:23:48 [INFO] Cog loaded: iq
21:23:48 [INFO] Cog loaded: tts
21:23:48 [INFO] Cog loaded: logs
21:23:48 [INFO] Cog loaded: alt
21:23:49 [INFO] Cog loaded: music
21:23:49 [INFO] Cog loaded: whois
21:23:49 [INFO] Cog loaded: pp
21:23:49 [INFO] Cog loaded: nick
21:23:49 [INFO] Cog loaded: rate
21:23:49 [INFO] Cog loaded: can
21:23:49 [INFO] Cog loaded: loop_template
21:23:51 [INFO] Startup: Pybot#9863 is online!
21:23:52 [INFO] mariyt#6595: help
