21:42:14 [INFO] Cog loaded: on_ready
21:42:14 [INFO] Cog loaded: on_command_error
21:42:14 [INFO] Cog loaded: dm
21:42:14 [INFO] Cog loaded: idea
21:42:14 [INFO] Cog loaded: embed
21:42:14 [INFO] Cog loaded: help
21:42:14 [INFO] Cog loaded: say
21:42:14 [INFO] Cog loaded: hex
21:42:14 [INFO] Cog loaded: ascii
21:42:14 [INFO] Cog loaded: info
21:42:14 [INFO] Cog loaded: meme
21:42:14 [INFO] Cog loaded: yt
21:42:14 [INFO] Cog loaded: iq
21:42:14 [INFO] Cog loaded: tts
21:42:14 [INFO] Cog loaded: logs
21:42:14 [INFO] Cog loaded: alt
21:42:15 [INFO] Cog loaded: music
21:42:15 [INFO] Cog loaded: whois
21:42:15 [INFO] Cog loaded: pp
21:42:15 [INFO] Cog loaded: nick
21:42:15 [INFO] Cog loaded: rate
21:42:15 [INFO] Cog loaded: can
21:42:15 [INFO] Cog loaded: loop_template
21:42:17 [INFO] Startup: Pybot#9863 is online!
21:42:39 [INFO] mariyt#6595: alt
21:44:25 [INFO] mariyt#6595: help
21:45:23 [INFO] mariyt#5376: help
22:52:02 [INFO] BarrulikDev#0925: iq
23:43:27 [INFO] joe swanson#1234: iq
23:43:41 [INFO] joe swanson#1234: pp
23:45:10 [INFO] amazinf#6247: iq
23:45:13 [INFO] amazinf#6247: iq
23:45:15 [ERROR] amazinf#6247: You are on cooldown. Try again in 0.17s
23:45:17 [INFO] amazinf#6247: iq
23:45:22 [INFO] joe swanson#1234: pp
00:38:45 [INFO] !                   [CTR] Ysauce#2277: iq
03:27:07 [INFO] Lanceng#3894: hex
03:27:12 [INFO] Lanceng#3894: hex
03:56:06 [INFO] Johnsmith#2300: alt
04:48:26 [INFO] DivineEssentia#7124: pp
04:48:30 [INFO] DivineEssentia#7124: pp
04:48:36 [ERROR] DivineEssentia#7124: Command "u" is not found
04:48:44 [ERROR] DivineEssentia#7124: Command "gops" is not found
04:48:50 [ERROR] DivineEssentia#7124: Command "ops" is not found
04:49:27 [INFO] DivineEssentia#7124: logs
04:57:39 [INFO] Zeus050#9825: pp
05:02:46 [INFO] Tenko#1307: alt
05:52:04 [INFO] Moksh#4896: iq
06:09:00 [INFO] DarkWave#7862: iq
06:09:11 [INFO] DarkWave#7862: iq
06:15:14 [INFO] (שמוליק המלך (נטוהטאבטב#3288: alt
06:15:19 [ERROR] (שמוליק המלך (נטוהטאבטב#3288: Command "check" is not found
06:15:24 [INFO] (שמוליק המלך (נטוהטאבטב#3288: logs
06:15:52 [INFO] (שמוליק המלך (נטוהטאבטב#3288: logs
06:16:05 [ERROR] (שמוליק המלך (נטוהטאבטב#3288: Command "cmds" is not found
06:23:43 [INFO] (שמוליק המלך (נטוהטאבטב#3288: alt
06:23:52 [ERROR] (שמוליק המלך (נטוהטאבטב#3288: Command "check" is not found
06:24:22 [INFO] DarkWave#7862: pp
06:37:10 [INFO] Nero#8652: iq
06:45:26 [INFO] (שמוליק המלך (נטוהטאבטב#3288: alt
06:47:35 [ERROR] (שמוליק המלך (נטוהטאבטב#3288: Command "check" is not found
07:41:27 [INFO] (שמוליק המלך (נטוהטאבטב#3288: alt
07:52:54 [INFO] Maarten#9506: iq
07:53:00 [INFO] Maarten#9506: iq
07:53:01 [INFO] Jandre14#2468: iq
07:53:32 [INFO] Jandre14#2468: iq
07:53:34 [INFO] Jandre14#2468: iq
07:53:38 [INFO] Jandre14#2468: iq
08:01:54 [INFO] wired dustbin#7715: iq
08:29:07 [INFO] jetuGonzi#9899: iq
08:54:01 [INFO] Dopichu#1541: iq
08:54:09 [INFO] Dopichu#1541: nick
11:30:10 [INFO] diz#3979: iq
11:30:11 [ERROR] diz#3979: You are on cooldown. Try again in 0.51s
11:30:13 [INFO] diz#3979: iq
11:30:17 [INFO] diz#3979: iq
11:30:45 [INFO] (שמוליק המלך (נטוהטאבטב#3288: alt
11:30:47 [INFO] (שמוליק המלך (נטוהטאבטב#3288: iq
11:37:48 [INFO] diz#3979: iq
12:13:17 [INFO] mariyt#6595: info
12:24:39 [INFO] Frollge#0001: iq
