21:18:52 [INFO] Cog loaded: on_ready
21:18:52 [INFO] Cog loaded: on_command_error
21:18:52 [INFO] Cog loaded: dm
21:18:52 [INFO] Cog loaded: idea
21:18:52 [INFO] Cog loaded: embed
21:18:52 [INFO] Cog loaded: help
21:18:52 [INFO] Cog loaded: say
21:18:52 [INFO] Cog loaded: hex
21:18:52 [INFO] Cog loaded: ascii
21:18:52 [INFO] Cog loaded: info
21:18:53 [INFO] Cog loaded: meme
21:18:53 [INFO] Cog loaded: yt
21:18:53 [INFO] Cog loaded: iq
21:18:53 [INFO] Cog loaded: tts
21:18:53 [INFO] Cog loaded: logs
21:18:53 [INFO] Cog loaded: alt
21:18:53 [INFO] Cog loaded: music
21:18:53 [INFO] Cog loaded: whois
21:18:53 [INFO] Cog loaded: pp
21:18:53 [INFO] Cog loaded: nick
21:18:53 [INFO] Cog loaded: rate
21:18:53 [INFO] Cog loaded: can
21:18:53 [INFO] Cog loaded: loop_template
21:18:56 [INFO] Startup: Pybot#9863 is online!
