21:35:50 [INFO] Cog loaded: on_ready
21:35:50 [INFO] Cog loaded: on_command_error
21:35:50 [INFO] Cog loaded: dm
21:35:50 [INFO] Cog loaded: idea
21:35:50 [INFO] Cog loaded: embed
21:35:50 [INFO] Cog loaded: help
21:35:50 [INFO] Cog loaded: say
21:35:50 [INFO] Cog loaded: hex
21:35:50 [INFO] Cog loaded: ascii
21:35:50 [INFO] Cog loaded: info
21:35:50 [INFO] Cog loaded: meme
21:35:50 [INFO] Cog loaded: yt
21:35:50 [INFO] Cog loaded: iq
21:35:50 [INFO] Cog loaded: tts
21:35:50 [INFO] Cog loaded: logs
21:35:50 [INFO] Cog loaded: alt
21:35:51 [INFO] Cog loaded: music
21:35:51 [INFO] Cog loaded: whois
21:35:51 [INFO] Cog loaded: pp
21:35:51 [INFO] Cog loaded: nick
21:35:51 [INFO] Cog loaded: rate
21:35:51 [INFO] Cog loaded: can
21:35:51 [INFO] Cog loaded: loop_template
21:35:53 [INFO] Startup: Pybot#9863 is online!
21:36:19 [INFO] mariyt#6595: help
