21:15:45 [INFO] Cog loaded: on_ready
21:15:45 [INFO] Cog loaded: on_command_error
21:15:45 [INFO] Cog loaded: dm
21:15:45 [INFO] Cog loaded: idea
21:15:45 [INFO] Cog loaded: embed
21:15:45 [INFO] Cog loaded: help
21:15:45 [INFO] Cog loaded: say
21:15:45 [INFO] Cog loaded: hex
21:15:45 [INFO] Cog loaded: ascii
21:15:45 [INFO] Cog loaded: info
21:15:45 [INFO] Cog loaded: meme
21:15:45 [INFO] Cog loaded: yt
21:15:45 [INFO] Cog loaded: iq
21:15:45 [INFO] Cog loaded: tts
21:15:45 [INFO] Cog loaded: logs
21:15:45 [INFO] Cog loaded: alt
21:15:46 [INFO] Cog loaded: music
21:15:46 [INFO] Cog loaded: whois
21:15:46 [INFO] Cog loaded: pp
21:15:46 [INFO] Cog loaded: nick
21:15:46 [INFO] Cog loaded: rate
21:15:46 [INFO] Cog loaded: can
21:15:46 [INFO] Cog loaded: loop_template
21:15:49 [INFO] Startup: Pybot#9863 is online!
