12:53:04 [INFO] Cog loaded: on_ready
12:53:04 [INFO] Cog loaded: on_command_error
12:53:04 [INFO] Cog loaded: dm
12:53:04 [INFO] Cog loaded: idea
12:53:04 [INFO] Cog loaded: embed
12:53:04 [INFO] Cog loaded: help
12:53:04 [INFO] Cog loaded: say
12:53:04 [INFO] Cog loaded: hex
12:53:04 [INFO] Cog loaded: ascii
12:53:04 [INFO] Cog loaded: info
12:53:04 [INFO] Cog loaded: meme
12:53:04 [INFO] Cog loaded: yt
12:53:05 [INFO] Cog loaded: iq
12:53:05 [INFO] Cog loaded: tts
12:53:05 [INFO] Cog loaded: logs
12:53:05 [INFO] Cog loaded: alt
12:53:05 [INFO] Cog loaded: music
12:53:05 [INFO] Cog loaded: whois
12:53:05 [INFO] Cog loaded: pp
12:53:05 [INFO] Cog loaded: nick
12:53:05 [INFO] Cog loaded: rate
12:53:05 [INFO] Cog loaded: can
12:53:05 [INFO] Cog loaded: loop_template
12:53:08 [INFO] Startup: Pybot#9863 is online!
12:53:22 [INFO] mariyt#6595: meme
13:22:52 [ERROR] Asher_Y#8979: Command "check" is not found
14:17:49 [INFO] diz#3979: iq
14:42:08 [INFO] Aston#0514: meme
14:44:06 [INFO] (שמוליק המלך (נטוהטאבטב#3288: alt
14:45:49 [ERROR] (שמוליק המלך (נטוהטאבטב#3288: Command "check" is not found
15:44:22 [INFO] Frollge#0001: pp
15:44:26 [INFO] Frollge#0001: iq
16:02:17 [INFO] Violet Evergarden#9379: alt
16:02:57 [INFO] Mumdy#0101: iq
16:56:00 [INFO] Flakern#9906: iq
16:56:29 [INFO] Flakern#9906: pp
20:14:51 [INFO] amazinf#6247: alt
21:49:07 [INFO] EchoGhost84#5261: iq
22:30:16 [INFO] mariyt#6595: info
00:00:55 [INFO] TexturedFuture#9837: alt
03:00:47 [INFO] Smush#7190: iq
03:00:50 [INFO] Smush#7190: pp
03:00:54 [INFO] Smush#7190: pp
03:00:56 [INFO] Smush#7190: pp
03:01:00 [INFO] Smush#7190: iq
03:01:03 [INFO] Smush#7190: iq
03:01:07 [INFO] Smush#7190: iq
03:01:09 [ERROR] Smush#7190: You are on cooldown. Try again in 0.25s
03:01:11 [INFO] Smush#7190: iq
03:41:00 [INFO] NetflixPvP#8113: iq
05:24:47 [INFO] (שמוליק המלך (נטוהטאבטב#3288: alt
05:25:15 [ERROR] (שמוליק המלך (נטוהטאבטב#3288: Command "check" is not found
06:13:39 [ERROR] joe swanson#1234: Command "help[" is not found
06:13:41 [INFO] joe swanson#1234: help
08:44:18 [INFO] mariyt#6595: info
10:09:53 [INFO] CAEC64#7370: iq
10:09:58 [INFO] CAEC64#7370: iq
10:18:02 [INFO] doggo;#0001: iq
11:01:55 [INFO] XL#7644: iq
11:02:06 [INFO] XL#7644: iq
11:41:27 [ERROR] (שמוליק המלך (נטוהטאבטב#3288: Command "check" is not found
11:41:29 [ERROR] (שמוליק המלך (נטוהטאבטב#3288: Command "check" is not found
11:49:48 [INFO] ThatBoyGary#3523: alt
12:21:26 [INFO] Moksh#4896: iq
13:36:32 [INFO] maxbrew#7725: iq
13:40:26 [ERROR] Jandre14#2468: Command "qp" is not found
13:40:33 [INFO] Jandre14#2468: iq
13:40:47 [ERROR] Jandre14#2468: Command "ie" is not found
13:40:48 [INFO] Jandre14#2468: iq
13:50:36 [INFO] amazinf#6247: alt
14:05:22 [INFO] (שמוליק המלך (נטוהטאבטב#3288: alt
14:41:23 [INFO] mariyt#6595: iq
15:22:02 [INFO] ⛄Stiennos UFO PILOOT⛄#6584: iq
15:39:47 [INFO] Aston#0514: iq
16:35:00 [INFO] ThatBoyGary#3523: alt
21:43:22 [INFO] brian swag#4665: iq
22:01:47 [INFO] Smush#7190: iq
22:01:50 [INFO] Smush#7190: pp
23:10:53 [INFO] ShotgunMeta#3143: alt
23:19:31 [INFO] TheUnknownLawyer#6682: iq
23:19:36 [INFO] TheUnknownLawyer#6682: iq
00:42:20 [ERROR] ShotgunMeta#3143: Command "hypixel" is not found
00:42:23 [INFO] ShotgunMeta#3143: help
02:45:27 [INFO] AmBestWibu _(;3_\L)_#8570: iq
03:26:34 [INFO] sum guy on discard#1417: iq
03:27:00 [INFO] sum guy on discard#1417: iq
03:57:06 [INFO] Holden2Epic#6373: iq
03:57:30 [INFO] Holden2Epic#6373: iq
03:57:39 [INFO] Holden2Epic#6373: iq
03:57:53 [INFO] Holden2Epic#6373: iq
03:58:02 [INFO] Holden2Epic#6373: iq
03:58:22 [INFO] Holden2Epic#6373: iq
05:38:21 [INFO] BlackJustice21#1741: iq
07:44:04 [INFO] !                   [CTR] Ysauce#5468: iq
07:54:06 [INFO] Dopichu#1541: iq
11:20:31 [INFO] blxssom#7815: iq
12:35:35 [INFO] (שמוליק המלך (נטוהטאבטב#3288: alt
12:35:38 [INFO] (שמוליק המלך (נטוהטאבטב#3288: logs
12:35:52 [ERROR] (שמוליק המלך (נטוהטאבטב#3288: Command "check" is not found
12:46:11 [INFO] Susdaiudbs#0942: alt
13:21:10 [INFO] (שמוליק המלך (נטוהטאבטב#3288: alt
13:34:00 [INFO] Nero#8652: iq
13:42:19 [ERROR] (שמוליק המלך (נטוהטאבטב#3288: Command "check" is not found
