16:10:31 [INFO] Cog loaded: on_ready
16:10:31 [INFO] Cog loaded: on_command_error
16:10:31 [INFO] Cog loaded: dm
16:10:31 [INFO] Cog loaded: cum
16:10:31 [INFO] Cog loaded: idea
16:10:31 [INFO] Cog loaded: embed
16:10:31 [INFO] Cog loaded: help
16:10:31 [INFO] Cog loaded: pirate
16:10:31 [INFO] Cog loaded: say
16:10:31 [INFO] Cog loaded: hex
16:10:31 [INFO] Cog loaded: ascii
16:10:31 [INFO] Cog loaded: info
16:10:31 [INFO] Cog loaded: meme
16:10:31 [INFO] Cog loaded: yt
16:10:31 [INFO] Cog loaded: iq
16:10:31 [INFO] Cog loaded: tts
16:10:31 [INFO] Cog loaded: logs
16:10:31 [INFO] Cog loaded: alt
16:10:31 [INFO] Cog loaded: music
16:10:31 [INFO] Cog loaded: whois
16:10:31 [INFO] Cog loaded: pp
16:10:31 [INFO] Cog loaded: nick
16:10:31 [INFO] Cog loaded: doom
16:10:31 [INFO] Cog loaded: rate
16:10:31 [INFO] Cog loaded: can
16:10:31 [INFO] Cog loaded: check
16:10:31 [INFO] Cog loaded: loop_template
16:10:34 [INFO] Startup: Pybot#9863 is online!
16:12:01 [INFO] mariyt#6595: doom
