16:46:54 [INFO] Cog loaded: on_message
16:46:54 [INFO] Cog loaded: on_command_error
16:46:54 [INFO] Cog loaded: on_ready
16:46:54 [INFO] Cog loaded: pirate
16:46:54 [INFO] Cog loaded: meme
16:46:54 [INFO] Cog loaded: iq
16:46:54 [INFO] Cog loaded: bj
16:46:54 [INFO] Cog loaded: doom
16:46:54 [INFO] Cog loaded: kill
16:46:54 [INFO] Cog loaded: embed_slash
16:46:54 [INFO] Cog loaded: cum
16:46:54 [INFO] Cog loaded: botSettings
16:46:54 [INFO] Cog loaded: embed
16:46:54 [INFO] Cog loaded: music
16:46:54 [INFO] Cog loaded: tts
16:46:54 [INFO] Cog loaded: unban
16:46:54 [INFO] Cog loaded: pp
16:46:54 [INFO] Cog loaded: dm
16:46:54 [INFO] Cog loaded: leaderboard
16:46:54 [INFO] Cog loaded: rate
16:46:54 [INFO] Cog loaded: ban
16:46:54 [INFO] Cog loaded: can
16:46:54 [INFO] Cog loaded: help
16:46:54 [INFO] Cog loaded: rate_slash
16:46:54 [INFO] Cog loaded: languages
16:46:54 [INFO] Cog loaded: work
16:46:54 [INFO] Cog loaded: check
16:46:54 [INFO] Cog loaded: idea
16:46:54 [INFO] Cog loaded: check_slash
16:46:54 [INFO] Cog loaded: op
16:46:54 [INFO] Cog loaded: alt
16:46:54 [INFO] Cog loaded: ascii
16:46:54 [INFO] Cog loaded: give_money
16:46:55 [INFO] Cog loaded: lyrics
16:46:55 [INFO] Cog loaded: setlanguage
16:46:55 [INFO] Cog loaded: pay
16:46:55 [INFO] Cog loaded: info
16:46:55 [INFO] Cog loaded: balance
16:46:55 [INFO] Cog loaded: nick
16:46:55 [INFO] Cog loaded: hex
16:46:55 [INFO] Cog loaded: whois
16:46:55 [INFO] Cog loaded: set_money
16:46:55 [INFO] Cog loaded: say_slash
16:46:55 [INFO] Cog loaded: data
16:46:55 [INFO] Cog loaded: logs
16:46:55 [INFO] Cog loaded: say
16:46:55 [INFO] Cog loaded: deop
16:46:55 [INFO] Cog loaded: yt
16:46:55 [INFO] Cog loaded: prefix
16:46:55 [INFO] Cog loaded: loop_template
16:46:55 [INFO] Cog loaded: rpc_update
16:46:55 [INFO] Cog loaded: auto_backup
16:46:58 [INFO] Startup: Pybot#9863 is online!
16:47:02 [SLASH COMMAND] M2rsh#6595: <discord.commands.SlashCommand name=say>
