16:39:25 [INFO] Cog loaded: on_message
16:39:25 [INFO] Cog loaded: on_command_error
16:39:25 [INFO] Cog loaded: on_ready
16:39:25 [INFO] Cog loaded: pirate
16:39:25 [INFO] Cog loaded: meme
16:39:25 [INFO] Cog loaded: iq
16:39:25 [INFO] Cog loaded: bj
16:39:25 [INFO] Cog loaded: doom
16:39:25 [INFO] Cog loaded: kill
16:39:26 [INFO] Cog loaded: embed_slash
16:39:26 [INFO] Cog loaded: cum
16:39:26 [INFO] Cog loaded: botSettings
16:39:26 [INFO] Cog loaded: embed
16:39:26 [INFO] Cog loaded: music
16:39:26 [INFO] Cog loaded: tts
16:39:26 [INFO] Cog loaded: unban
16:39:26 [INFO] Cog loaded: pp
16:39:26 [INFO] Cog loaded: dm
16:39:26 [INFO] Cog loaded: leaderboard
16:39:26 [INFO] Cog loaded: rate
16:39:26 [INFO] Cog loaded: ban
16:39:26 [INFO] Cog loaded: can
16:39:26 [INFO] Cog loaded: help
16:39:26 [INFO] Cog loaded: rate_slash
16:39:26 [INFO] Cog loaded: languages
16:39:26 [INFO] Cog loaded: work
16:39:26 [INFO] Cog loaded: check
16:39:26 [INFO] Cog loaded: idea
16:39:26 [INFO] Cog loaded: check_slash
16:39:26 [INFO] Cog loaded: op
16:39:26 [INFO] Cog loaded: alt
16:39:26 [INFO] Cog loaded: ascii
16:39:26 [INFO] Cog loaded: give_money
16:39:26 [INFO] Cog loaded: lyrics
16:39:26 [INFO] Cog loaded: setlanguage
16:39:26 [INFO] Cog loaded: pay
16:39:26 [INFO] Cog loaded: info
16:39:26 [INFO] Cog loaded: balance
16:39:26 [INFO] Cog loaded: nick
16:39:26 [INFO] Cog loaded: hex
16:39:26 [INFO] Cog loaded: whois
16:39:26 [INFO] Cog loaded: set_money
16:39:26 [INFO] Cog loaded: say_slash
16:39:26 [INFO] Cog loaded: data
16:39:26 [INFO] Cog loaded: logs
16:39:26 [INFO] Cog loaded: say
16:39:26 [INFO] Cog loaded: deop
16:39:26 [INFO] Cog loaded: yt
16:39:26 [INFO] Cog loaded: prefix
16:39:26 [INFO] Cog loaded: loop_template
16:39:26 [INFO] Cog loaded: rpc_update
16:39:26 [INFO] Cog loaded: auto_backup
16:39:29 [INFO] Startup: Pybot#9863 is online!
16:39:30 [SOCIAL CREDIT] M2rsh#6595: This Message Will Gimme 6969696969 social credit UNPATCHED
16:39:47 [INFO] M2rsh#6595: b!work
