16:55:54 [INFO] Cog loaded: on_ready
16:55:54 [INFO] Cog loaded: on_command_error
16:55:54 [INFO] Cog loaded: dm
16:55:54 [INFO] Cog loaded: cum
16:55:54 [INFO] Cog loaded: idea
16:55:54 [INFO] Cog loaded: embed
16:55:54 [INFO] Cog loaded: help
16:55:54 [INFO] Cog loaded: pirate
16:55:54 [INFO] Cog loaded: say
16:55:54 [INFO] Cog loaded: hex
16:55:54 [INFO] Cog loaded: ascii
16:55:54 [INFO] Cog loaded: info
16:55:54 [INFO] Cog loaded: meme
16:55:54 [INFO] Cog loaded: yt
16:55:55 [INFO] Cog loaded: iq
16:55:55 [INFO] Cog loaded: tts
16:55:55 [INFO] Cog loaded: logs
16:55:55 [INFO] Cog loaded: alt
16:55:55 [INFO] Cog loaded: music
16:55:55 [INFO] Cog loaded: whois
16:55:55 [INFO] Cog loaded: pp
16:55:55 [INFO] Cog loaded: kill
16:55:55 [INFO] Cog loaded: nick
16:55:55 [INFO] Cog loaded: doom
16:55:55 [INFO] Cog loaded: rate
16:55:55 [INFO] Cog loaded: can
16:55:55 [INFO] Cog loaded: check
16:55:55 [INFO] Cog loaded: loop_template
16:55:58 [INFO] Startup: Pybot#9863 is online!
16:55:59 [INFO] M2rsh#6595: idea
16:56:39 [INFO] M2rsh#6595: cum
18:43:09 [ERROR] Mwegiel#3417: Command "rank" is not found
18:43:17 [ERROR] Mwegiel#3417: Command "stats" is not found
18:43:23 [ERROR] Mwegiel#3417: Command "stat" is not found
18:43:31 [ERROR] Mwegiel#3417: Command "best" is not found
19:37:13 [ERROR] wojtask#1545: Command "rank" is not found
20:54:30 [INFO] M2rsh#6595: meme
20:54:46 [INFO] M2rsh#6595: meme
20:55:01 [INFO] M2rsh#6595: meme
20:55:50 [INFO] M2rsh#6595: meme
20:57:21 [INFO] M2rsh#6595: meme
20:57:47 [INFO] M2rsh#6595: meme
20:58:00 [INFO] M2rsh#6595: meme
20:58:06 [INFO] M2rsh#6595: meme
20:58:29 [INFO] M2rsh#6595: meme
20:58:36 [INFO] M2rsh#6595: meme
20:59:03 [INFO] M2rsh#6595: meme
20:59:29 [INFO] M2rsh#6595: meme
21:52:33 [INFO] The Yeehaw-Meister#1111: meme
07:09:41 [INFO] (שמוליק המלך (נטוהטאבטב#3288: alt
07:09:47 [INFO] (שמוליק המלך (נטוהטאבטב#3288: check
11:28:33 [INFO] (שמוליק המלך (נטוהטאבטב#3288: alt
11:28:40 [INFO] (שמוליק המלך (נטוהטאבטב#3288: check
12:01:23 [INFO] (שמוליק המלך (נטוהטאבטב#3288: alt
12:01:34 [INFO] (שמוליק המלך (נטוהטאבטב#3288: check
12:02:46 [ERROR] Daveee#0540: Command "d" is not found
12:43:50 [ERROR] Shept#0134: Command "ghelp" is not found
14:12:48 [INFO] şekilli isim#3335: alt
14:19:29 [INFO] şekilli isim#3335: alt
14:20:16 [ERROR] şekilli isim#3335: You are on cooldown. Try again in 252.76s
14:28:47 [ERROR] οk#0033: Command "cuminpants" is not found
16:32:42 [INFO] M2rsh#6595: meme
16:33:25 [INFO] M2rsh#6595: cum
16:34:09 [INFO] οk#0033: cum
17:09:46 [INFO] The Yeehaw-Meister#1111: meme
18:37:35 [INFO] LucaLuLeLei#7560: alt
18:46:37 [ERROR] Dis#8061: Command "!" is not found
18:46:43 [ERROR] RulyPancake#9259: Command "!!!!!!!!!!!" is not found
18:46:50 [INFO] RulyPancake#9259: pp
18:46:51 [ERROR] Dis#8061: User "size double" not found.
18:47:04 [INFO] Dis#8061: pp
18:47:10 [ERROR] moke#6653: Command "balls" is not found
18:47:16 [ERROR] Dis#8061: Command "dad" is not found
18:47:19 [INFO] RulyPancake#9259: cum
18:47:26 [INFO] moke#6653: cum
18:47:27 [INFO] Dis#8061: cum
18:54:31 [INFO] joe swanson#1234: cum
19:00:15 [INFO] ThisDoesNotExist#0001: cum
19:00:25 [ERROR] ThisDoesNotExist#0001: Command "shit" is not found
19:24:01 [INFO] wojtask#1545: help
19:24:07 [ERROR] wojtask#1545: url is a required argument that is missing.
19:24:42 [INFO] wojtask#1545: play
19:31:28 [INFO] wojtask#1545: play
19:39:31 [INFO] MG#5810: cum
19:59:23 [INFO] 0x150#0150: cum
20:06:42 [INFO] PitPot#6532: cum
20:45:06 [INFO] destiny#1234: cum
08:46:25 [ERROR] PitPot#6532: Command "members" is not found
11:38:29 [ERROR] M2rsh#6595: Command "!!" is not found
12:52:55 [INFO] M2rsh#6595: cum
12:53:12 [INFO] Aston#0514: cum
