18:00:53 [INFO] Cog loaded: on_command_error
18:00:53 [INFO] Cog loaded: on_ready
18:00:53 [INFO] Cog loaded: pirate
18:00:53 [INFO] Cog loaded: meme
18:00:53 [INFO] Cog loaded: iq
18:00:53 [INFO] Cog loaded: bj
18:00:53 [INFO] Cog loaded: doom
18:00:53 [INFO] Cog loaded: kill
18:00:53 [INFO] Cog loaded: cum
18:00:53 [INFO] Cog loaded: embed
18:00:53 [INFO] Cog loaded: music
18:00:53 [INFO] Cog loaded: tts
18:00:53 [INFO] Cog loaded: pp
18:00:53 [INFO] Cog loaded: dm
18:00:53 [INFO] Cog loaded: leaderboard
18:00:53 [INFO] Cog loaded: rate
18:00:53 [INFO] Cog loaded: can
18:00:53 [INFO] Cog loaded: help
18:00:53 [INFO] Cog loaded: rate_slash
18:00:53 [INFO] Cog loaded: work
18:00:53 [INFO] Cog loaded: check
18:00:53 [INFO] Cog loaded: idea
18:00:53 [INFO] Cog loaded: check_slash
18:00:53 [INFO] Cog loaded: alt
18:00:53 [INFO] Cog loaded: ascii
18:00:53 [INFO] Cog loaded: give_money
18:00:53 [INFO] Cog loaded: info
18:00:53 [INFO] Cog loaded: balance
18:00:53 [INFO] Cog loaded: nick
18:00:53 [INFO] Cog loaded: hex
18:00:53 [INFO] Cog loaded: whois
18:00:53 [INFO] Cog loaded: set_money
18:00:53 [INFO] Cog loaded: say_slash
18:00:53 [INFO] Cog loaded: logs
18:00:53 [INFO] Cog loaded: say
18:00:53 [INFO] Cog loaded: yt
18:00:53 [INFO] Cog loaded: loop_template
18:00:56 [INFO] Startup: Pybot#9863 is online!
18:01:17 [INFO] M2rsh#6595: <discord.commands.SlashCommand name=play>
18:01:37 [INFO] M2rsh#6595: <discord.commands.SlashCommand name=play>
18:01:47 [INFO] M2rsh#6595: <discord.commands.SlashCommand name=rate>
