17:44:18 [INFO] Cog loaded: on_command_error
17:44:18 [INFO] Cog loaded: on_ready
17:44:18 [INFO] Cog loaded: pirate
17:44:18 [INFO] Cog loaded: meme
17:44:18 [INFO] Cog loaded: iq
17:44:18 [INFO] Cog loaded: bj
17:44:18 [INFO] Cog loaded: doom
17:44:18 [INFO] Cog loaded: kill
17:44:18 [INFO] Cog loaded: cum
17:44:18 [INFO] Cog loaded: embed
17:44:18 [INFO] Cog loaded: music
17:44:18 [INFO] Cog loaded: tts
17:44:18 [INFO] Cog loaded: unban
17:44:18 [INFO] Cog loaded: pp
17:44:18 [INFO] Cog loaded: dm
17:44:18 [INFO] Cog loaded: leaderboard
17:44:18 [INFO] Cog loaded: rate
17:44:18 [INFO] Cog loaded: ban
17:44:18 [INFO] Cog loaded: can
17:44:18 [INFO] Cog loaded: help
17:44:18 [INFO] Cog loaded: rate_slash
17:44:18 [INFO] Cog loaded: work
17:44:18 [INFO] Cog loaded: check
17:44:18 [INFO] Cog loaded: idea
17:44:18 [INFO] Cog loaded: check_slash
17:44:18 [INFO] Cog loaded: op
17:44:18 [INFO] Cog loaded: alt
17:44:19 [INFO] Cog loaded: ascii
17:44:19 [INFO] Cog loaded: give_money
17:44:19 [INFO] Cog loaded: info
17:44:19 [INFO] Cog loaded: balance
17:44:19 [INFO] Cog loaded: nick
17:44:19 [INFO] Cog loaded: hex
17:44:19 [INFO] Cog loaded: whois
17:44:19 [INFO] Cog loaded: set_money
17:44:19 [INFO] Cog loaded: say_slash
17:44:19 [INFO] Cog loaded: data
17:44:19 [INFO] Cog loaded: logs
17:44:19 [INFO] Cog loaded: say
17:44:19 [INFO] Cog loaded: deop
17:44:19 [INFO] Cog loaded: yt
17:44:19 [INFO] Cog loaded: loop_template
17:44:21 [INFO] Startup: Pybot#9863 is online!
17:44:22 [INFO] M2rsh#6595: alt
17:44:32 [ERROR] M2rsh#6595: reason is a required argument that is missing.
17:44:34 [INFO] M2rsh#6595: ban
17:44:40 [ERROR] M2rsh#6595: The check functions for command can failed.
