17:23:07 [INFO] Cog loaded: on_command_error
17:23:07 [INFO] Cog loaded: on_ready
17:23:07 [INFO] Cog loaded: pirate
17:23:07 [INFO] Cog loaded: meme
17:23:07 [INFO] Cog loaded: iq
17:23:07 [INFO] Cog loaded: bj
17:23:07 [INFO] Cog loaded: doom
17:23:07 [INFO] Cog loaded: kill
17:23:07 [INFO] Cog loaded: cum
17:23:07 [INFO] Cog loaded: embed
17:23:07 [INFO] Cog loaded: music
17:23:07 [INFO] Cog loaded: tts
17:23:07 [INFO] Cog loaded: pp
17:23:07 [INFO] Cog loaded: dm
17:23:07 [INFO] Cog loaded: leaderboard
17:23:07 [INFO] Cog loaded: rate
17:23:07 [INFO] Cog loaded: ban
17:23:07 [INFO] Cog loaded: can
17:23:07 [INFO] Cog loaded: help
17:23:07 [INFO] Cog loaded: rate_slash
17:23:07 [INFO] Cog loaded: work
17:23:07 [INFO] Cog loaded: check
17:23:07 [INFO] Cog loaded: idea
17:23:07 [INFO] Cog loaded: check_slash
17:23:07 [INFO] Cog loaded: alt
17:23:07 [INFO] Cog loaded: ascii
17:23:07 [INFO] Cog loaded: give_money
17:23:07 [INFO] Cog loaded: info
17:23:07 [INFO] Cog loaded: balance
17:23:07 [INFO] Cog loaded: nick
17:23:07 [INFO] Cog loaded: hex
17:23:07 [INFO] Cog loaded: whois
17:23:07 [INFO] Cog loaded: set_money
17:23:07 [INFO] Cog loaded: say_slash
17:23:07 [INFO] Cog loaded: logs
17:23:07 [INFO] Cog loaded: say
17:23:07 [INFO] Cog loaded: yt
17:23:07 [INFO] Cog loaded: loop_template
17:23:10 [INFO] Startup: Pybot#9863 is online!
17:23:20 [ERROR] M2rsh#6595: The check functions for command ban failed.
