13:24:31 [INFO] Cog loaded: on_ready
13:24:31 [INFO] Cog loaded: on_command_error
13:24:31 [INFO] Cog loaded: dm
13:24:31 [INFO] Cog loaded: cum
13:24:31 [INFO] Cog loaded: idea
13:24:31 [INFO] Cog loaded: embed
13:24:31 [INFO] Cog loaded: help
13:24:31 [INFO] Cog loaded: pirate
13:24:31 [INFO] Cog loaded: say
13:24:31 [INFO] Cog loaded: hex
13:24:31 [INFO] Cog loaded: check_slash
13:24:31 [INFO] Cog loaded: ascii
13:24:31 [INFO] Cog loaded: info
13:24:31 [INFO] Cog loaded: meme
13:24:31 [INFO] Cog loaded: yt
13:24:31 [INFO] Cog loaded: iq
13:24:31 [INFO] Cog loaded: tts
13:24:31 [INFO] Cog loaded: logs
13:24:31 [INFO] Cog loaded: alt
13:24:32 [INFO] Cog loaded: music
13:24:32 [INFO] Cog loaded: whois
13:24:32 [INFO] Cog loaded: pp
13:24:32 [INFO] Cog loaded: kill
13:24:32 [INFO] Cog loaded: nick
13:24:32 [INFO] Cog loaded: doom
13:24:32 [INFO] Cog loaded: rate
13:24:32 [INFO] Cog loaded: can
13:24:32 [INFO] Cog loaded: check
13:24:32 [INFO] Cog loaded: rate_slash
13:24:32 [INFO] Cog loaded: loop_template
13:24:34 [INFO] Startup: Pybot#9863 is online!
13:24:37 [INFO] M2rsh#6595: help
13:51:48 [INFO] (שמוליק המלך (נטוהטאבטב#3288: logs
13:51:59 [INFO] (שמוליק המלך (נטוהטאבטב#3288: alt
13:52:06 [INFO] (שמוליק המלך (נטוהטאבטב#3288: check
17:37:28 [INFO] Violet Evergarden#9379: help
17:37:33 [INFO] Violet Evergarden#9379: alt
18:10:15 [INFO] wojtask#1545: play
18:13:57 [INFO] wojtask#1545: play
18:15:46 [INFO] wojtask#1545: play
18:16:01 [INFO] wojtask#1545: play
18:16:54 [INFO] wojtask#1545: play
18:17:59 [INFO] wojtask#1545: play
18:35:12 [INFO] (שמוליק המלך (נטוהטאבטב#3288: logs
18:35:57 [INFO] wojtask#1545: play
18:37:06 [INFO] wojtask#1545: play
18:53:41 [INFO] wojtask#1545: play
19:28:05 [ERROR] Aston#0514: Command "d" is not found
20:03:56 [INFO] M2rsh#6595: help
