13:20:15 [INFO] Cog loaded: on_ready
13:20:15 [INFO] Cog loaded: on_command_error
13:20:15 [INFO] Cog loaded: dm
13:20:15 [INFO] Cog loaded: cum
13:20:15 [INFO] Cog loaded: idea
13:20:15 [INFO] Cog loaded: embed
13:20:15 [INFO] Cog loaded: help
13:20:15 [INFO] Cog loaded: pirate
13:20:15 [INFO] Cog loaded: say
13:20:15 [INFO] Cog loaded: hex
13:20:15 [INFO] Cog loaded: check_slash
13:20:15 [INFO] Cog loaded: ascii
13:20:15 [INFO] Cog loaded: info
13:20:15 [INFO] Cog loaded: meme
13:20:15 [INFO] Cog loaded: yt
13:20:16 [INFO] Cog loaded: iq
13:20:16 [INFO] Cog loaded: tts
13:20:16 [INFO] Cog loaded: logs
13:20:16 [INFO] Cog loaded: alt
13:20:16 [INFO] Cog loaded: music
13:20:16 [INFO] Cog loaded: whois
13:20:16 [INFO] Cog loaded: pp
13:20:16 [INFO] Cog loaded: kill
13:20:16 [INFO] Cog loaded: nick
13:20:16 [INFO] Cog loaded: doom
13:20:16 [INFO] Cog loaded: rate
13:20:16 [INFO] Cog loaded: can
13:20:16 [INFO] Cog loaded: check
13:20:16 [INFO] Cog loaded: rate_slash
13:20:16 [INFO] Cog loaded: loop_template
13:20:19 [INFO] Startup: Pybot#9863 is online!
13:20:24 [INFO] M2rsh#6595: help
13:22:08 [INFO] M2rsh#6595: help
13:22:25 [INFO] M2rsh#6595: help
13:22:40 [INFO] M2rsh#6595: help
13:22:59 [INFO] M2rsh#6595: help
13:23:32 [INFO] M2rsh#6595: help
