13:14:21 [INFO] Cog loaded: on_command_error
13:14:21 [INFO] Cog loaded: on_ready
13:14:21 [INFO] Cog loaded: pirate
13:14:21 [INFO] Cog loaded: meme
13:14:21 [INFO] Cog loaded: iq
13:14:21 [INFO] Cog loaded: doom
13:14:21 [INFO] Cog loaded: kill
13:14:21 [INFO] Cog loaded: cum
13:14:21 [INFO] Cog loaded: embed
13:14:21 [INFO] Cog loaded: music
13:14:21 [INFO] Cog loaded: tts
13:14:21 [INFO] Cog loaded: pp
13:14:21 [INFO] Cog loaded: dm
13:14:21 [INFO] Cog loaded: rate
13:14:21 [INFO] Cog loaded: can
13:14:21 [INFO] Cog loaded: help
13:14:21 [INFO] Cog loaded: rate_slash
13:14:21 [INFO] Cog loaded: check
13:14:21 [INFO] Cog loaded: idea
13:14:21 [INFO] Cog loaded: check_slash
13:14:21 [INFO] Cog loaded: alt
13:14:21 [INFO] Cog loaded: ascii
13:14:21 [INFO] Cog loaded: info
13:14:21 [INFO] Cog loaded: nick
13:14:21 [INFO] Cog loaded: hex
13:14:21 [INFO] Cog loaded: whois
13:14:21 [INFO] Cog loaded: logs
13:14:21 [INFO] Cog loaded: say
13:14:21 [INFO] Cog loaded: yt
13:14:21 [INFO] Cog loaded: loop_template
13:14:24 [INFO] Startup: Pybot#9863 is online!
13:14:27 [INFO] M2rsh#6595: whois
13:14:32 [INFO] M2rsh#6595: idea
