17:25:50 [INFO] Cog loaded: on_command_error
17:25:50 [INFO] Cog loaded: on_ready
17:25:50 [INFO] Cog loaded: pirate
17:25:50 [INFO] Cog loaded: meme
17:25:50 [INFO] Cog loaded: iq
17:25:50 [INFO] Cog loaded: bj
17:25:50 [INFO] Cog loaded: doom
17:25:50 [INFO] Cog loaded: kill
17:25:50 [INFO] Cog loaded: cum
17:25:50 [INFO] Cog loaded: embed
17:25:50 [INFO] Cog loaded: music
17:25:50 [INFO] Cog loaded: tts
17:25:50 [INFO] Cog loaded: pp
17:25:50 [INFO] Cog loaded: dm
17:25:50 [INFO] Cog loaded: leaderboard
17:25:50 [INFO] Cog loaded: rate
17:25:50 [INFO] Cog loaded: ban
17:25:50 [INFO] Cog loaded: can
17:25:50 [INFO] Cog loaded: help
17:25:50 [INFO] Cog loaded: rate_slash
17:25:50 [INFO] Cog loaded: work
17:25:50 [INFO] Cog loaded: check
17:25:50 [INFO] Cog loaded: idea
17:25:50 [INFO] Cog loaded: check_slash
17:25:50 [INFO] Cog loaded: alt
17:25:50 [INFO] Cog loaded: ascii
17:25:50 [INFO] Cog loaded: give_money
17:25:50 [INFO] Cog loaded: info
17:25:50 [INFO] Cog loaded: balance
17:25:50 [INFO] Cog loaded: nick
17:25:50 [INFO] Cog loaded: hex
17:25:50 [INFO] Cog loaded: whois
17:25:50 [INFO] Cog loaded: set_money
17:25:50 [INFO] Cog loaded: say_slash
17:25:50 [INFO] Cog loaded: logs
17:25:50 [INFO] Cog loaded: say
17:25:50 [INFO] Cog loaded: yt
17:25:50 [INFO] Cog loaded: loop_template
17:25:53 [INFO] Startup: Pybot#9863 is online!
