17:41:48 [INFO] Cog loaded: on_command_error
17:41:48 [INFO] Cog loaded: on_ready
17:41:48 [INFO] Cog loaded: pirate
17:41:48 [INFO] Cog loaded: meme
17:41:48 [INFO] Cog loaded: iq
17:41:48 [INFO] Cog loaded: bj
17:41:48 [INFO] Cog loaded: doom
17:41:48 [INFO] Cog loaded: kill
17:41:48 [INFO] Cog loaded: cum
17:41:48 [INFO] Cog loaded: embed
17:41:48 [INFO] Cog loaded: music
17:41:48 [INFO] Cog loaded: tts
17:41:48 [INFO] Cog loaded: unban
17:41:48 [INFO] Cog loaded: pp
17:41:48 [INFO] Cog loaded: dm
17:41:48 [INFO] Cog loaded: leaderboard
17:41:48 [INFO] Cog loaded: rate
17:41:48 [INFO] Cog loaded: ban
17:41:48 [INFO] Cog loaded: can
17:41:48 [INFO] Cog loaded: help
17:41:48 [INFO] Cog loaded: rate_slash
17:41:48 [INFO] Cog loaded: work
17:41:48 [INFO] Cog loaded: check
17:41:48 [INFO] Cog loaded: idea
17:41:48 [INFO] Cog loaded: check_slash
