20:07:47 [INFO] Cog loaded: on_ready
20:07:48 [INFO] Cog loaded: on_command_error
20:07:48 [INFO] Cog loaded: dm
20:07:48 [INFO] Cog loaded: cum
20:07:48 [INFO] Cog loaded: idea
20:07:48 [INFO] Cog loaded: embed
20:07:48 [INFO] Cog loaded: help
20:07:48 [INFO] Cog loaded: pirate
20:07:48 [INFO] Cog loaded: say
20:07:48 [INFO] Cog loaded: hex
20:07:48 [INFO] Cog loaded: check_slash
20:07:48 [INFO] Cog loaded: ascii
20:07:48 [INFO] Cog loaded: info
20:07:48 [INFO] Cog loaded: meme
20:07:48 [INFO] Cog loaded: yt
20:07:48 [INFO] Cog loaded: iq
20:07:48 [INFO] Cog loaded: tts
20:07:48 [INFO] Cog loaded: logs
20:07:48 [INFO] Cog loaded: alt
20:07:49 [INFO] Cog loaded: music
20:07:49 [INFO] Cog loaded: whois
20:07:49 [INFO] Cog loaded: pp
20:07:49 [INFO] Cog loaded: kill
20:07:49 [INFO] Cog loaded: nick
20:07:49 [INFO] Cog loaded: doom
20:07:49 [INFO] Cog loaded: rate
20:07:49 [INFO] Cog loaded: can
20:07:49 [INFO] Cog loaded: check
20:07:49 [INFO] Cog loaded: rate_slash
20:07:49 [INFO] Cog loaded: loop_template
20:07:52 [INFO] Startup: Pybot#9863 is online!
