13:15:39 [INFO] Cog loaded: on_ready
13:15:39 [INFO] Cog loaded: on_command_error
13:15:39 [INFO] Cog loaded: dm
13:15:39 [INFO] Cog loaded: cum
13:15:39 [INFO] Cog loaded: idea
13:15:39 [INFO] Cog loaded: embed
13:15:39 [INFO] Cog loaded: help
13:15:39 [INFO] Cog loaded: pirate
13:15:39 [INFO] Cog loaded: say
13:15:39 [INFO] Cog loaded: hex
13:15:39 [INFO] Cog loaded: check_slash
13:15:40 [INFO] Cog loaded: ascii
13:15:40 [INFO] Cog loaded: info
13:15:40 [INFO] Cog loaded: meme
13:15:40 [INFO] Cog loaded: yt
13:15:40 [INFO] Cog loaded: iq
13:15:40 [INFO] Cog loaded: tts
13:15:40 [INFO] Cog loaded: logs
13:15:40 [INFO] Cog loaded: alt
13:15:41 [INFO] Cog loaded: music
13:15:41 [INFO] Cog loaded: whois
13:15:41 [INFO] Cog loaded: pp
13:15:41 [INFO] Cog loaded: kill
13:15:41 [INFO] Cog loaded: nick
13:15:41 [INFO] Cog loaded: doom
13:15:41 [INFO] Cog loaded: rate
13:15:41 [INFO] Cog loaded: can
13:15:41 [INFO] Cog loaded: check
13:15:41 [INFO] Cog loaded: rate_slash
13:15:41 [INFO] Cog loaded: loop_template
13:15:44 [INFO] Startup: Pybot#9863 is online!
