13:17:41 [INFO] Cog loaded: on_ready
13:17:41 [INFO] Cog loaded: on_command_error
13:17:41 [INFO] Cog loaded: dm
13:17:41 [INFO] Cog loaded: cum
13:17:41 [INFO] Cog loaded: idea
13:17:41 [INFO] Cog loaded: embed
13:17:41 [INFO] Cog loaded: help
13:17:41 [INFO] Cog loaded: pirate
13:17:41 [INFO] Cog loaded: say
13:17:41 [INFO] Cog loaded: hex
13:17:41 [INFO] Cog loaded: check_slash
13:17:42 [INFO] Cog loaded: ascii
13:17:42 [INFO] Cog loaded: info
13:17:42 [INFO] Cog loaded: meme
13:17:42 [INFO] Cog loaded: yt
13:17:42 [INFO] Cog loaded: iq
13:17:42 [INFO] Cog loaded: tts
13:17:42 [INFO] Cog loaded: logs
13:17:42 [INFO] Cog loaded: alt
13:17:42 [INFO] Cog loaded: music
13:17:42 [INFO] Cog loaded: whois
13:17:42 [INFO] Cog loaded: pp
13:17:42 [INFO] Cog loaded: kill
13:17:42 [INFO] Cog loaded: nick
13:17:42 [INFO] Cog loaded: doom
13:17:42 [INFO] Cog loaded: rate
13:17:42 [INFO] Cog loaded: can
13:17:42 [INFO] Cog loaded: check
13:17:42 [INFO] Cog loaded: rate_slash
13:17:42 [INFO] Cog loaded: loop_template
13:17:45 [INFO] Startup: Pybot#9863 is online!
13:17:51 [INFO] M2rsh#6595: help
