17:26:31 [INFO] Cog loaded: on_command_error
17:26:31 [INFO] Cog loaded: on_ready
17:26:31 [INFO] Cog loaded: pirate
17:26:31 [INFO] Cog loaded: meme
17:26:31 [INFO] Cog loaded: iq
17:26:31 [INFO] Cog loaded: bj
17:26:31 [INFO] Cog loaded: doom
17:26:31 [INFO] Cog loaded: kill
17:26:31 [INFO] Cog loaded: cum
17:26:31 [INFO] Cog loaded: embed
17:26:32 [INFO] Cog loaded: music
17:26:32 [INFO] Cog loaded: tts
17:26:32 [INFO] Cog loaded: pp
17:26:32 [INFO] Cog loaded: dm
17:26:32 [INFO] Cog loaded: leaderboard
17:26:32 [INFO] Cog loaded: rate
17:26:32 [INFO] Cog loaded: ban
17:26:32 [INFO] Cog loaded: can
17:26:32 [INFO] Cog loaded: help
17:26:32 [INFO] Cog loaded: rate_slash
17:26:32 [INFO] Cog loaded: work
17:26:32 [INFO] Cog loaded: check
17:26:32 [INFO] Cog loaded: idea
17:26:32 [INFO] Cog loaded: check_slash
17:26:32 [INFO] Cog loaded: alt
17:26:32 [INFO] Cog loaded: ascii
17:26:32 [INFO] Cog loaded: give_money
17:26:32 [INFO] Cog loaded: info
17:26:32 [INFO] Cog loaded: balance
17:26:32 [INFO] Cog loaded: nick
17:26:32 [INFO] Cog loaded: hex
17:26:32 [INFO] Cog loaded: whois
17:26:32 [INFO] Cog loaded: set_money
17:26:32 [INFO] Cog loaded: say_slash
17:26:32 [INFO] Cog loaded: logs
17:26:32 [INFO] Cog loaded: say
17:26:32 [INFO] Cog loaded: yt
17:26:32 [INFO] Cog loaded: loop_template
17:26:34 [INFO] Startup: Pybot#9863 is online!
17:26:37 [ERROR] M2rsh#6595: The check functions for command ban failed.
