20:08:04 [INFO] Cog loaded: on_ready
20:08:04 [INFO] Cog loaded: on_command_error
20:08:04 [INFO] Cog loaded: dm
20:08:04 [INFO] Cog loaded: cum
20:08:04 [INFO] Cog loaded: idea
20:08:04 [INFO] Cog loaded: embed
20:08:04 [INFO] Cog loaded: help
20:08:04 [INFO] Cog loaded: pirate
20:08:04 [INFO] Cog loaded: say
20:08:04 [INFO] Cog loaded: hex
20:08:04 [INFO] Cog loaded: check_slash
20:08:04 [INFO] Cog loaded: ascii
20:08:04 [INFO] Cog loaded: info
20:08:04 [INFO] Cog loaded: meme
20:08:04 [INFO] Cog loaded: yt
20:08:05 [INFO] Cog loaded: iq
20:08:05 [INFO] Cog loaded: tts
20:08:05 [INFO] Cog loaded: logs
20:08:05 [INFO] Cog loaded: alt
20:08:05 [INFO] Cog loaded: music
20:08:05 [INFO] Cog loaded: whois
20:08:05 [INFO] Cog loaded: pp
20:08:05 [INFO] Cog loaded: kill
20:08:05 [INFO] Cog loaded: nick
20:08:05 [INFO] Cog loaded: doom
20:08:05 [INFO] Cog loaded: rate
20:08:05 [INFO] Cog loaded: can
20:08:05 [INFO] Cog loaded: check
20:08:05 [INFO] Cog loaded: rate_slash
20:08:05 [INFO] Cog loaded: loop_template
20:08:08 [INFO] Startup: Pybot#9863 is online!
