20:08:55 [INFO] Cog loaded: on_ready
20:08:55 [INFO] Cog loaded: on_command_error
20:08:55 [INFO] Cog loaded: dm
20:08:55 [INFO] Cog loaded: cum
20:08:55 [INFO] Cog loaded: idea
20:08:55 [INFO] Cog loaded: embed
20:08:55 [INFO] Cog loaded: help
20:08:55 [INFO] Cog loaded: pirate
20:08:55 [INFO] Cog loaded: say
20:08:55 [INFO] Cog loaded: hex
20:08:55 [INFO] Cog loaded: check_slash
20:08:55 [INFO] Cog loaded: ascii
20:08:55 [INFO] Cog loaded: info
20:08:55 [INFO] Cog loaded: meme
20:08:55 [INFO] Cog loaded: yt
20:08:55 [INFO] Cog loaded: iq
20:08:55 [INFO] Cog loaded: tts
20:08:55 [INFO] Cog loaded: logs
20:08:55 [INFO] Cog loaded: alt
20:08:56 [INFO] Cog loaded: music
20:08:56 [INFO] Cog loaded: whois
20:08:56 [INFO] Cog loaded: pp
20:08:56 [INFO] Cog loaded: kill
20:08:56 [INFO] Cog loaded: nick
20:08:56 [INFO] Cog loaded: doom
20:08:56 [INFO] Cog loaded: rate
20:08:56 [INFO] Cog loaded: can
20:08:56 [INFO] Cog loaded: check
20:08:56 [INFO] Cog loaded: rate_slash
20:08:56 [INFO] Cog loaded: loop_template
20:08:59 [INFO] Startup: Pybot#9863 is online!
21:36:51 [INFO] Koi#4144: play
23:10:56 [INFO] TexturedFuture#9837: alt
02:55:05 [INFO] Dom.#3312: alt
03:32:37 [ERROR] joe swanson#1234: Command "!!!!!!!" is not found
06:19:12 [INFO] TexturedFuture#9837: alt
08:21:28 [ERROR] Daveee#0540: Command "d" is not found
09:24:42 [ERROR] $kush#1201: Command "gcreate" is not found
09:24:52 [ERROR] $kush#1201: Command "gcreate" is not found
10:26:17 [INFO] der flasher#5715: alt
10:28:16 [ERROR] Shept#0134: Command "gcreate" is not found
10:30:14 [ERROR] der flasher#5715: You are on cooldown. Try again in 63.21s
10:30:37 [ERROR] der flasher#5715: You are on cooldown. Try again in 40.14s
11:25:58 [ERROR] Shept#0134: Command "gcreate" is not found
13:32:02 [INFO] (שמוליק המלך (נטוהטאבטב#3288: alt
13:32:14 [INFO] (שמוליק המלך (נטוהטאבטב#3288: check
13:32:25 [INFO] (שמוליק המלך (נטוהטאבטב#3288: logs
13:32:46 [ERROR] (שמוליק המלך (נטוהטאבטב#3288: Command "glogs" is not found
13:52:51 [INFO] (שמוליק המלך (נטוהטאבטב#3288: alt
13:52:55 [INFO] (שמוליק המלך (נטוהטאבטב#3288: check
13:57:34 [ERROR] (שמוליק המלך (נטוהטאבטב#3288: You are on cooldown. Try again in 17.21s
13:57:38 [ERROR] (שמוליק המלך (נטוהטאבטב#3288: You are on cooldown. Try again in 12.59s
