18:43:12 [INFO] Cog loaded: on_command_error
18:43:12 [INFO] Cog loaded: on_ready
18:43:12 [INFO] Cog loaded: pirate
18:43:12 [INFO] Cog loaded: meme
18:43:12 [INFO] Cog loaded: iq
18:43:12 [INFO] Cog loaded: bj
18:43:12 [INFO] Cog loaded: doom
18:43:12 [INFO] Cog loaded: kill
18:43:12 [INFO] Cog loaded: cum
18:43:12 [INFO] Cog loaded: embed
18:43:12 [INFO] Cog loaded: music
18:43:12 [INFO] Cog loaded: tts
18:43:12 [INFO] Cog loaded: unban
18:43:12 [INFO] Cog loaded: pp
18:43:12 [INFO] Cog loaded: dm
18:43:12 [INFO] Cog loaded: leaderboard
18:43:12 [INFO] Cog loaded: rate
18:43:12 [INFO] Cog loaded: ban
18:43:12 [INFO] Cog loaded: can
18:43:12 [INFO] Cog loaded: help
18:43:12 [INFO] Cog loaded: rate_slash
18:43:12 [INFO] Cog loaded: work
18:43:12 [INFO] Cog loaded: check
18:43:12 [INFO] Cog loaded: idea
18:43:12 [INFO] Cog loaded: check_slash
18:43:12 [INFO] Cog loaded: op
18:43:12 [INFO] Cog loaded: alt
18:43:12 [INFO] Cog loaded: ascii
18:43:12 [INFO] Cog loaded: give_money
18:43:12 [INFO] Cog loaded: lyrics
18:43:12 [INFO] Cog loaded: info
18:43:12 [INFO] Cog loaded: balance
18:43:12 [INFO] Cog loaded: nick
18:43:12 [INFO] Cog loaded: hex
18:43:12 [INFO] Cog loaded: whois
18:43:12 [INFO] Cog loaded: set_money
18:43:12 [INFO] Cog loaded: say_slash
18:43:12 [INFO] Cog loaded: data
18:43:12 [INFO] Cog loaded: logs
18:43:12 [INFO] Cog loaded: say
18:43:12 [INFO] Cog loaded: deop
18:43:12 [INFO] Cog loaded: yt
18:43:12 [INFO] Cog loaded: loop_template
18:43:15 [INFO] Startup: Pybot#9863 is online!
