15:41:01 [INFO] Cog loaded: on_ready
15:41:01 [INFO] Cog loaded: on_command_error
15:41:01 [INFO] Cog loaded: dm
15:41:01 [INFO] Cog loaded: leaderboard
15:41:01 [INFO] Cog loaded: cum
15:41:01 [INFO] Cog loaded: idea
15:41:01 [INFO] Cog loaded: embed
15:41:01 [INFO] Cog loaded: help
15:41:01 [INFO] Cog loaded: pirate
15:41:01 [INFO] Cog loaded: balance
15:41:01 [INFO] Cog loaded: say
15:41:01 [INFO] Cog loaded: hex
15:41:01 [INFO] Cog loaded: check_slash
15:41:01 [INFO] Cog loaded: ascii
15:41:01 [INFO] Cog loaded: info
15:41:01 [INFO] Cog loaded: meme
15:41:01 [INFO] Cog loaded: bj
15:41:01 [INFO] Cog loaded: yt
15:41:02 [INFO] Cog loaded: iq
15:41:02 [INFO] Cog loaded: tts
15:41:02 [INFO] Cog loaded: logs
15:41:02 [INFO] Cog loaded: alt
15:41:02 [INFO] Cog loaded: music
15:41:02 [INFO] Cog loaded: work
15:41:02 [INFO] Cog loaded: whois
15:41:02 [INFO] Cog loaded: give_money
15:41:02 [INFO] Cog loaded: pp
15:41:02 [INFO] Cog loaded: kill
15:41:02 [INFO] Cog loaded: nick
15:41:02 [INFO] Cog loaded: doom
15:41:02 [INFO] Cog loaded: rate
15:41:02 [INFO] Cog loaded: can
15:41:02 [INFO] Cog loaded: check
15:41:02 [INFO] Cog loaded: rate_slash
15:41:02 [INFO] Cog loaded: loop_template
15:41:05 [INFO] Startup: Pybot#9863 is online!
