16:36:01 [INFO] Cog loaded: on_ready
16:36:01 [INFO] Cog loaded: on_command_error
16:36:01 [INFO] Cog loaded: dm
16:36:01 [INFO] Cog loaded: leaderboard
16:36:01 [INFO] Cog loaded: cum
16:36:01 [INFO] Cog loaded: idea
16:36:01 [INFO] Cog loaded: embed
16:36:01 [INFO] Cog loaded: help
16:36:01 [INFO] Cog loaded: pirate
16:36:01 [INFO] Cog loaded: balance
16:36:01 [INFO] Cog loaded: say
16:36:01 [INFO] Cog loaded: hex
16:36:01 [INFO] Cog loaded: check_slash
16:36:01 [INFO] Cog loaded: ascii
16:36:01 [INFO] Cog loaded: info
16:36:01 [INFO] Cog loaded: meme
16:36:01 [INFO] Cog loaded: bj
16:36:01 [INFO] Cog loaded: yt
16:36:01 [INFO] Cog loaded: iq
16:36:01 [INFO] Cog loaded: tts
16:36:01 [INFO] Cog loaded: logs
16:36:01 [INFO] Cog loaded: alt
16:36:02 [INFO] Cog loaded: music
16:36:02 [INFO] Cog loaded: work
16:36:02 [INFO] Cog loaded: whois
16:36:02 [INFO] Cog loaded: give_money
16:36:02 [INFO] Cog loaded: pp
16:36:02 [INFO] Cog loaded: kill
16:36:02 [INFO] Cog loaded: nick
16:36:02 [INFO] Cog loaded: doom
16:36:02 [INFO] Cog loaded: rate
16:36:02 [INFO] Cog loaded: can
16:36:02 [INFO] Cog loaded: check
16:36:02 [INFO] Cog loaded: rate_slash
16:36:02 [INFO] Cog loaded: loop_template
16:36:04 [INFO] Startup: Pybot#9863 is online!
16:36:12 [ERROR] Dom.#3312: Command "shop" is not found
