16:40:20 [INFO] Cog loaded: on_ready
16:40:20 [INFO] Cog loaded: on_command_error
16:40:20 [INFO] Cog loaded: dm
16:40:20 [INFO] Cog loaded: leaderboard
16:40:20 [INFO] Cog loaded: cum
16:40:20 [INFO] Cog loaded: idea
16:40:20 [INFO] Cog loaded: embed
16:40:20 [INFO] Cog loaded: help
16:40:20 [INFO] Cog loaded: pirate
16:40:20 [INFO] Cog loaded: balance
16:40:20 [INFO] Cog loaded: say
16:40:20 [INFO] Cog loaded: hex
16:40:20 [INFO] Cog loaded: check_slash
16:40:20 [INFO] Cog loaded: ascii
16:40:20 [INFO] Cog loaded: info
16:40:20 [INFO] Cog loaded: meme
16:40:20 [INFO] Cog loaded: bj
16:40:20 [INFO] Cog loaded: yt
16:40:20 [INFO] Cog loaded: iq
16:40:20 [INFO] Cog loaded: tts
16:40:20 [INFO] Cog loaded: logs
16:40:20 [INFO] Cog loaded: alt
16:40:21 [INFO] Cog loaded: music
16:40:21 [INFO] Cog loaded: work
16:40:21 [INFO] Cog loaded: whois
16:40:21 [INFO] Cog loaded: give_money
16:40:21 [INFO] Cog loaded: pp
16:40:21 [INFO] Cog loaded: kill
16:40:21 [INFO] Cog loaded: nick
16:40:21 [INFO] Cog loaded: doom
16:40:21 [INFO] Cog loaded: rate
16:40:21 [INFO] Cog loaded: can
16:40:21 [INFO] Cog loaded: check
16:40:21 [INFO] Cog loaded: rate_slash
16:40:21 [INFO] Cog loaded: loop_template
16:40:23 [INFO] Startup: Pybot#9863 is online!
