19:43:13 [INFO] Cog loaded: on_command_error
19:43:13 [INFO] Cog loaded: on_ready
19:43:13 [INFO] Cog loaded: pirate
19:43:13 [INFO] Cog loaded: meme
19:43:13 [INFO] Cog loaded: iq
19:43:13 [INFO] Cog loaded: bj
19:43:13 [INFO] Cog loaded: doom
19:43:13 [INFO] Cog loaded: kill
19:43:13 [INFO] Cog loaded: cum
19:43:13 [INFO] Cog loaded: embed
19:43:14 [INFO] Cog loaded: music
19:43:14 [INFO] Cog loaded: tts
19:43:14 [INFO] Cog loaded: unban
19:43:14 [INFO] Cog loaded: pp
19:43:14 [INFO] Cog loaded: dm
19:43:14 [INFO] Cog loaded: leaderboard
19:43:14 [INFO] Cog loaded: rate
19:43:14 [INFO] Cog loaded: ban
19:43:14 [INFO] Cog loaded: can
19:43:14 [INFO] Cog loaded: help
19:43:14 [INFO] Cog loaded: rate_slash
19:43:14 [INFO] Cog loaded: work
19:43:14 [INFO] Cog loaded: check
19:43:14 [INFO] Cog loaded: idea
19:43:14 [INFO] Cog loaded: check_slash
19:43:14 [INFO] Cog loaded: op
19:43:14 [INFO] Cog loaded: alt
19:43:14 [INFO] Cog loaded: ascii
19:43:14 [INFO] Cog loaded: give_money
19:43:14 [INFO] Cog loaded: lyrics
19:43:14 [INFO] Cog loaded: info
19:43:14 [INFO] Cog loaded: balance
19:43:14 [INFO] Cog loaded: nick
19:43:14 [INFO] Cog loaded: hex
19:43:14 [INFO] Cog loaded: whois
19:43:14 [INFO] Cog loaded: set_money
19:43:14 [INFO] Cog loaded: say_slash
19:43:14 [INFO] Cog loaded: data
19:43:14 [INFO] Cog loaded: logs
19:43:14 [INFO] Cog loaded: say
19:43:14 [INFO] Cog loaded: deop
19:43:14 [INFO] Cog loaded: yt
19:43:14 [INFO] Cog loaded: loop_template
19:43:17 [INFO] Startup: Pybot#9863 is online!
19:43:22 [INFO] M2rsh#6595: lyrics
