18:36:04 [INFO] Cog loaded: on_command_error
18:36:04 [INFO] Cog loaded: on_ready
18:36:04 [INFO] Cog loaded: pirate
18:36:04 [INFO] Cog loaded: meme
18:36:05 [INFO] Cog loaded: iq
18:36:05 [INFO] Cog loaded: bj
18:36:05 [INFO] Cog loaded: doom
18:36:05 [INFO] Cog loaded: kill
18:36:05 [INFO] Cog loaded: cum
18:36:05 [INFO] Cog loaded: embed
18:36:05 [INFO] Cog loaded: music
18:36:05 [INFO] Cog loaded: tts
18:36:05 [INFO] Cog loaded: unban
18:36:05 [INFO] Cog loaded: pp
18:36:05 [INFO] Cog loaded: dm
18:36:05 [INFO] Cog loaded: leaderboard
18:36:05 [INFO] Cog loaded: rate
18:36:05 [INFO] Cog loaded: ban
18:36:05 [INFO] Cog loaded: can
18:36:05 [INFO] Cog loaded: help
18:36:05 [INFO] Cog loaded: rate_slash
18:36:05 [INFO] Cog loaded: work
18:36:05 [INFO] Cog loaded: check
18:36:05 [INFO] Cog loaded: idea
18:36:05 [INFO] Cog loaded: check_slash
18:36:05 [INFO] Cog loaded: op
18:36:05 [INFO] Cog loaded: alt
18:36:05 [INFO] Cog loaded: ascii
18:36:05 [INFO] Cog loaded: give_money
18:36:05 [INFO] Cog loaded: lyrics
18:36:05 [INFO] Cog loaded: info
18:36:05 [INFO] Cog loaded: balance
18:36:05 [INFO] Cog loaded: nick
18:36:05 [INFO] Cog loaded: hex
18:36:05 [INFO] Cog loaded: whois
18:36:05 [INFO] Cog loaded: set_money
18:36:05 [INFO] Cog loaded: say_slash
18:36:05 [INFO] Cog loaded: data
18:36:05 [INFO] Cog loaded: logs
18:36:05 [INFO] Cog loaded: say
18:36:05 [INFO] Cog loaded: deop
18:36:05 [INFO] Cog loaded: yt
18:36:05 [INFO] Cog loaded: loop_template
18:36:08 [INFO] Startup: Pybot#9863 is online!
18:36:22 [INFO] M2rsh#6595: lyrics
