16:39:12 [INFO] Cog loaded: on_ready
16:39:12 [INFO] Cog loaded: on_command_error
16:39:12 [INFO] Cog loaded: dm
16:39:12 [INFO] Cog loaded: leaderboard
16:39:12 [INFO] Cog loaded: cum
16:39:12 [INFO] Cog loaded: idea
16:39:12 [INFO] Cog loaded: embed
16:39:12 [INFO] Cog loaded: help
16:39:12 [INFO] Cog loaded: pirate
16:39:12 [INFO] Cog loaded: balance
16:39:12 [INFO] Cog loaded: say
16:39:12 [INFO] Cog loaded: hex
16:39:12 [INFO] Cog loaded: check_slash
16:39:12 [INFO] Cog loaded: ascii
16:39:12 [INFO] Cog loaded: info
16:39:12 [INFO] Cog loaded: meme
16:39:12 [INFO] Cog loaded: bj
16:39:12 [INFO] Cog loaded: yt
16:39:12 [INFO] Cog loaded: iq
16:39:12 [INFO] Cog loaded: tts
16:39:12 [INFO] Cog loaded: logs
16:39:12 [INFO] Cog loaded: alt
16:39:13 [INFO] Cog loaded: music
16:39:13 [INFO] Cog loaded: work
16:39:13 [INFO] Cog loaded: whois
16:39:13 [INFO] Cog loaded: give_money
16:39:13 [INFO] Cog loaded: pp
16:39:13 [INFO] Cog loaded: kill
16:39:13 [INFO] Cog loaded: nick
16:39:13 [INFO] Cog loaded: doom
16:39:13 [INFO] Cog loaded: rate
16:39:13 [INFO] Cog loaded: can
16:39:13 [INFO] Cog loaded: check
16:39:13 [INFO] Cog loaded: rate_slash
16:39:13 [INFO] Cog loaded: loop_template
16:39:15 [INFO] Startup: Pybot#9863 is online!
