16:37:07 [INFO] Cog loaded: on_ready
16:37:07 [INFO] Cog loaded: on_command_error
16:37:07 [INFO] Cog loaded: dm
16:37:07 [INFO] Cog loaded: leaderboard
16:37:07 [INFO] Cog loaded: cum
16:37:07 [INFO] Cog loaded: idea
16:37:07 [INFO] Cog loaded: embed
16:37:07 [INFO] Cog loaded: help
16:37:07 [INFO] Cog loaded: pirate
16:37:07 [INFO] Cog loaded: balance
16:37:07 [INFO] Cog loaded: say
16:37:07 [INFO] Cog loaded: hex
16:37:07 [INFO] Cog loaded: check_slash
16:37:07 [INFO] Cog loaded: ascii
16:37:07 [INFO] Cog loaded: info
16:37:07 [INFO] Cog loaded: meme
16:37:07 [INFO] Cog loaded: bj
16:37:07 [INFO] Cog loaded: yt
16:37:07 [INFO] Cog loaded: iq
16:37:07 [INFO] Cog loaded: tts
16:37:07 [INFO] Cog loaded: logs
16:37:07 [INFO] Cog loaded: alt
16:37:08 [INFO] Cog loaded: music
16:37:08 [INFO] Cog loaded: work
16:37:08 [INFO] Cog loaded: whois
16:37:08 [INFO] Cog loaded: give_money
16:37:08 [INFO] Cog loaded: pp
16:37:08 [INFO] Cog loaded: kill
16:37:08 [INFO] Cog loaded: nick
16:37:08 [INFO] Cog loaded: doom
16:37:08 [INFO] Cog loaded: rate
16:37:08 [INFO] Cog loaded: can
16:37:08 [INFO] Cog loaded: check
16:37:08 [INFO] Cog loaded: rate_slash
16:37:08 [INFO] Cog loaded: loop_template
16:37:10 [INFO] Startup: Pybot#9863 is online!
