20:41:25 [INFO] Cog loaded: on_command_error
20:41:25 [INFO] Cog loaded: on_ready
20:41:25 [INFO] Cog loaded: pirate
20:41:25 [INFO] Cog loaded: meme
20:41:25 [INFO] Cog loaded: iq
20:41:25 [INFO] Cog loaded: bj
20:41:25 [INFO] Cog loaded: doom
20:41:25 [INFO] Cog loaded: kill
20:41:25 [INFO] Cog loaded: cum
20:41:25 [INFO] Cog loaded: embed
20:41:25 [INFO] Cog loaded: music
20:41:25 [INFO] Cog loaded: tts
20:41:25 [INFO] Cog loaded: unban
20:41:25 [INFO] Cog loaded: pp
20:41:25 [INFO] Cog loaded: dm
20:41:25 [INFO] Cog loaded: leaderboard
20:41:25 [INFO] Cog loaded: rate
20:41:25 [INFO] Cog loaded: ban
20:41:25 [INFO] Cog loaded: can
20:41:25 [INFO] Cog loaded: help
20:41:25 [INFO] Cog loaded: rate_slash
20:41:25 [INFO] Cog loaded: work
20:41:25 [INFO] Cog loaded: check
20:41:25 [INFO] Cog loaded: idea
20:41:25 [INFO] Cog loaded: check_slash
20:41:25 [INFO] Cog loaded: op
20:41:25 [INFO] Cog loaded: alt
20:41:25 [INFO] Cog loaded: ascii
20:41:25 [INFO] Cog loaded: give_money
20:41:25 [INFO] Cog loaded: lyrics
20:41:25 [INFO] Cog loaded: pay
20:41:25 [INFO] Cog loaded: info
20:41:25 [INFO] Cog loaded: balance
20:41:25 [INFO] Cog loaded: nick
20:41:25 [INFO] Cog loaded: hex
20:41:25 [INFO] Cog loaded: whois
20:41:25 [INFO] Cog loaded: set_money
20:41:25 [INFO] Cog loaded: say_slash
20:41:25 [INFO] Cog loaded: data
20:41:25 [INFO] Cog loaded: logs
20:41:25 [INFO] Cog loaded: say
20:41:25 [INFO] Cog loaded: deop
20:41:25 [INFO] Cog loaded: yt
20:41:25 [INFO] Cog loaded: loop_template
20:41:28 [INFO] Startup: Pybot#9863 is online!
20:41:30 [ERROR] M2rsh#6595: user is a required argument that is missing.
20:42:01 [INFO] M2rsh#6595: data
