22:27:29 [INFO] Cog loaded: on_command_error
22:27:29 [INFO] Cog loaded: on_ready
22:27:29 [INFO] Cog loaded: pirate
22:27:29 [INFO] Cog loaded: meme
22:27:29 [INFO] Cog loaded: iq
22:27:29 [INFO] Cog loaded: bj
22:27:29 [INFO] Cog loaded: doom
22:27:29 [INFO] Cog loaded: kill
22:27:29 [INFO] Cog loaded: cum
22:27:29 [INFO] Cog loaded: embed
22:27:30 [INFO] Cog loaded: music
22:27:30 [INFO] Cog loaded: tts
22:27:30 [INFO] Cog loaded: unban
22:27:30 [INFO] Cog loaded: pp
22:27:30 [INFO] Cog loaded: dm
22:27:30 [INFO] Cog loaded: leaderboard
22:27:30 [INFO] Cog loaded: rate
22:27:30 [INFO] Cog loaded: ban
22:27:30 [INFO] Cog loaded: can
22:27:30 [INFO] Cog loaded: help
22:27:30 [INFO] Cog loaded: rate_slash
22:27:30 [INFO] Cog loaded: work
22:27:30 [INFO] Cog loaded: check
22:27:30 [INFO] Cog loaded: idea
22:27:30 [INFO] Cog loaded: check_slash
22:27:30 [INFO] Cog loaded: op
22:27:30 [INFO] Cog loaded: alt
22:27:30 [INFO] Cog loaded: ascii
22:27:30 [INFO] Cog loaded: give_money
22:27:30 [INFO] Cog loaded: lyrics
