18:57:02 [INFO] Cog loaded: on_command_error
18:57:02 [INFO] Cog loaded: on_ready
18:57:02 [INFO] Cog loaded: pirate
18:57:02 [INFO] Cog loaded: meme
18:57:02 [INFO] Cog loaded: iq
18:57:02 [INFO] Cog loaded: bj
18:57:02 [INFO] Cog loaded: doom
18:57:02 [INFO] Cog loaded: kill
18:57:02 [INFO] Cog loaded: cum
18:57:02 [INFO] Cog loaded: embed
18:57:03 [INFO] Cog loaded: music
18:57:03 [INFO] Cog loaded: tts
18:57:03 [INFO] Cog loaded: unban
18:57:03 [INFO] Cog loaded: pp
18:57:03 [INFO] Cog loaded: dm
18:57:03 [INFO] Cog loaded: leaderboard
18:57:03 [INFO] Cog loaded: rate
18:57:03 [INFO] Cog loaded: ban
18:57:03 [INFO] Cog loaded: can
18:57:03 [INFO] Cog loaded: help
18:57:03 [INFO] Cog loaded: rate_slash
18:57:03 [INFO] Cog loaded: work
18:57:03 [INFO] Cog loaded: check
18:57:03 [INFO] Cog loaded: idea
18:57:03 [INFO] Cog loaded: check_slash
18:57:03 [INFO] Cog loaded: op
18:57:03 [INFO] Cog loaded: alt
18:57:03 [INFO] Cog loaded: ascii
18:57:03 [INFO] Cog loaded: give_money
18:57:03 [INFO] Cog loaded: lyrics
18:57:03 [INFO] Cog loaded: pay
18:57:03 [INFO] Cog loaded: info
18:57:03 [INFO] Cog loaded: balance
18:57:03 [INFO] Cog loaded: nick
18:57:03 [INFO] Cog loaded: hex
18:57:03 [INFO] Cog loaded: whois
18:57:03 [INFO] Cog loaded: set_money
18:57:03 [INFO] Cog loaded: say_slash
18:57:03 [INFO] Cog loaded: data
18:57:03 [INFO] Cog loaded: logs
18:57:03 [INFO] Cog loaded: say
18:57:03 [INFO] Cog loaded: deop
18:57:03 [INFO] Cog loaded: yt
18:57:03 [INFO] Cog loaded: loop_template
18:57:06 [INFO] Startup: Pybot#9863 is online!
18:57:07 [INFO] M2rsh#6595: help
