21:01:23 [INFO] Cog loaded: on_command_error
21:01:23 [INFO] Cog loaded: on_ready
21:01:23 [INFO] Cog loaded: pirate
21:01:23 [INFO] Cog loaded: meme
21:01:23 [INFO] Cog loaded: iq
21:01:23 [INFO] Cog loaded: bj
21:01:23 [INFO] Cog loaded: doom
21:01:23 [INFO] Cog loaded: kill
21:01:23 [INFO] Cog loaded: cum
21:01:23 [INFO] Cog loaded: embed
21:01:23 [INFO] Cog loaded: music
21:01:23 [INFO] Cog loaded: tts
21:01:23 [INFO] Cog loaded: unban
21:01:23 [INFO] Cog loaded: pp
21:01:23 [INFO] Cog loaded: dm
21:01:23 [INFO] Cog loaded: leaderboard
21:01:23 [INFO] Cog loaded: rate
21:01:23 [INFO] Cog loaded: ban
21:01:23 [INFO] Cog loaded: can
21:01:23 [INFO] Cog loaded: help
21:01:23 [INFO] Cog loaded: rate_slash
21:01:23 [INFO] Cog loaded: work
21:01:23 [INFO] Cog loaded: check
21:01:23 [INFO] Cog loaded: idea
21:01:23 [INFO] Cog loaded: check_slash
21:01:23 [INFO] Cog loaded: op
21:01:23 [INFO] Cog loaded: alt
21:01:24 [INFO] Cog loaded: ascii
21:01:24 [INFO] Cog loaded: give_money
21:01:24 [INFO] Cog loaded: lyrics
21:01:24 [INFO] Cog loaded: pay
