17:46:57 [INFO] Cog loaded: on_command_error
17:46:57 [INFO] Cog loaded: on_ready
17:46:57 [INFO] Cog loaded: pirate
17:46:57 [INFO] Cog loaded: meme
17:46:57 [INFO] Cog loaded: iq
17:46:57 [INFO] Cog loaded: bj
17:46:57 [INFO] Cog loaded: doom
17:46:57 [INFO] Cog loaded: kill
17:46:57 [INFO] Cog loaded: cum
17:46:57 [INFO] Cog loaded: embed
17:46:58 [INFO] Cog loaded: music
17:46:58 [INFO] Cog loaded: tts
17:46:58 [INFO] Cog loaded: unban
17:46:58 [INFO] Cog loaded: pp
17:46:58 [INFO] Cog loaded: dm
17:46:58 [INFO] Cog loaded: leaderboard
17:46:58 [INFO] Cog loaded: rate
17:46:58 [INFO] Cog loaded: ban
17:46:58 [INFO] Cog loaded: can
17:46:58 [INFO] Cog loaded: help
17:46:58 [INFO] Cog loaded: rate_slash
17:46:58 [INFO] Cog loaded: work
17:46:58 [INFO] Cog loaded: check
17:46:58 [INFO] Cog loaded: idea
17:46:58 [INFO] Cog loaded: check_slash
17:46:58 [INFO] Cog loaded: op
17:46:58 [INFO] Cog loaded: alt
17:46:58 [INFO] Cog loaded: ascii
17:46:58 [INFO] Cog loaded: give_money
17:46:58 [INFO] Cog loaded: lyrics
17:46:58 [INFO] Cog loaded: pay
17:46:58 [INFO] Cog loaded: info
17:46:58 [INFO] Cog loaded: balance
17:46:58 [INFO] Cog loaded: nick
17:46:58 [INFO] Cog loaded: hex
17:46:58 [INFO] Cog loaded: whois
