22:34:01 [INFO] Cog loaded: on_command_error
22:34:01 [INFO] Cog loaded: on_ready
22:34:01 [INFO] Cog loaded: pirate
22:34:01 [INFO] Cog loaded: meme
22:34:01 [INFO] Cog loaded: iq
22:34:01 [INFO] Cog loaded: bj
22:34:01 [INFO] Cog loaded: doom
22:34:01 [INFO] Cog loaded: kill
22:34:01 [INFO] Cog loaded: cum
22:34:01 [INFO] Cog loaded: embed
22:34:01 [INFO] Cog loaded: music
22:34:01 [INFO] Cog loaded: tts
22:34:01 [INFO] Cog loaded: unban
22:34:01 [INFO] Cog loaded: pp
22:34:01 [INFO] Cog loaded: dm
22:34:01 [INFO] Cog loaded: leaderboard
22:34:01 [INFO] Cog loaded: rate
22:34:01 [INFO] Cog loaded: ban
22:34:01 [INFO] Cog loaded: can
22:34:01 [INFO] Cog loaded: help
22:34:01 [INFO] Cog loaded: rate_slash
22:34:01 [INFO] Cog loaded: work
22:34:01 [INFO] Cog loaded: check
22:34:01 [INFO] Cog loaded: idea
22:34:01 [INFO] Cog loaded: check_slash
22:34:01 [INFO] Cog loaded: op
22:34:01 [INFO] Cog loaded: alt
22:34:02 [INFO] Cog loaded: ascii
22:34:02 [INFO] Cog loaded: give_money
22:34:02 [INFO] Cog loaded: lyrics
22:34:02 [INFO] Cog loaded: setlanguage
22:34:02 [INFO] Cog loaded: pay
22:34:02 [INFO] Cog loaded: info
22:34:02 [INFO] Cog loaded: balance
22:34:02 [INFO] Cog loaded: nick
22:34:02 [INFO] Cog loaded: hex
22:34:02 [INFO] Cog loaded: whois
22:34:02 [INFO] Cog loaded: set_money
22:34:02 [INFO] Cog loaded: say_slash
22:34:02 [INFO] Cog loaded: data
22:34:02 [INFO] Cog loaded: logs
22:34:02 [INFO] Cog loaded: say
22:34:02 [INFO] Cog loaded: deop
22:34:02 [INFO] Cog loaded: yt
22:34:02 [INFO] Cog loaded: loop_template
22:34:04 [INFO] Startup: Pybot#9863 is online!
22:36:08 [INFO] mariyt#5376: setLanguage
22:36:08 [ERROR] mariyt#5376: Command raised an exception: TypeError: setLanguage() missing 1 required positional argument: 'language'
