20:29:02 [INFO] Cog loaded: on_command_error
20:29:02 [INFO] Cog loaded: on_ready
20:29:02 [INFO] Cog loaded: pirate
20:29:02 [INFO] Cog loaded: meme
20:29:02 [INFO] Cog loaded: iq
20:29:02 [INFO] Cog loaded: bj
20:29:02 [INFO] Cog loaded: doom
20:29:02 [INFO] Cog loaded: kill
20:29:02 [INFO] Cog loaded: cum
20:29:02 [INFO] Cog loaded: embed
20:29:02 [INFO] Cog loaded: music
20:29:02 [INFO] Cog loaded: tts
20:29:02 [INFO] Cog loaded: unban
20:29:02 [INFO] Cog loaded: pp
20:29:02 [INFO] Cog loaded: dm
20:29:02 [INFO] Cog loaded: leaderboard
20:29:02 [INFO] Cog loaded: rate
20:29:02 [INFO] Cog loaded: ban
20:29:02 [INFO] Cog loaded: can
20:29:02 [INFO] Cog loaded: help
20:29:02 [INFO] Cog loaded: rate_slash
20:29:02 [INFO] Cog loaded: work
20:29:02 [INFO] Cog loaded: check
20:29:02 [INFO] Cog loaded: idea
20:29:02 [INFO] Cog loaded: check_slash
20:29:02 [INFO] Cog loaded: op
20:29:02 [INFO] Cog loaded: alt
20:29:02 [INFO] Cog loaded: ascii
20:29:02 [INFO] Cog loaded: give_money
20:29:02 [INFO] Cog loaded: lyrics
20:29:02 [INFO] Cog loaded: pay
20:29:02 [INFO] Cog loaded: info
20:29:02 [INFO] Cog loaded: balance
20:29:02 [INFO] Cog loaded: nick
20:29:02 [INFO] Cog loaded: hex
20:29:02 [INFO] Cog loaded: whois
20:29:02 [INFO] Cog loaded: set_money
20:29:02 [INFO] Cog loaded: say_slash
20:29:02 [INFO] Cog loaded: data
20:29:02 [INFO] Cog loaded: logs
20:29:02 [INFO] Cog loaded: say
20:29:02 [INFO] Cog loaded: deop
20:29:02 [INFO] Cog loaded: yt
20:29:02 [INFO] Cog loaded: loop_template
20:29:05 [INFO] Startup: Pybot#9863 is online!
20:29:09 [ERROR] M2rsh#6595: bet is a required argument that is missing.
