21:18:12 [INFO] Cog loaded: on_command_error
21:18:12 [INFO] Cog loaded: on_ready
21:18:12 [INFO] Cog loaded: pirate
21:18:12 [INFO] Cog loaded: meme
21:18:12 [INFO] Cog loaded: iq
21:18:12 [INFO] Cog loaded: bj
21:18:12 [INFO] Cog loaded: doom
21:18:12 [INFO] Cog loaded: kill
21:18:12 [INFO] Cog loaded: cum
21:18:12 [INFO] Cog loaded: embed
21:18:12 [INFO] Cog loaded: music
21:18:12 [INFO] Cog loaded: tts
21:18:12 [INFO] Cog loaded: unban
21:18:12 [INFO] Cog loaded: pp
21:18:12 [INFO] Cog loaded: dm
21:18:12 [INFO] Cog loaded: leaderboard
21:18:12 [INFO] Cog loaded: rate
21:18:12 [INFO] Cog loaded: ban
21:18:12 [INFO] Cog loaded: can
21:18:12 [INFO] Cog loaded: help
21:18:12 [INFO] Cog loaded: rate_slash
21:18:12 [INFO] Cog loaded: languages
21:18:12 [INFO] Cog loaded: work
21:18:12 [INFO] Cog loaded: check
21:18:12 [INFO] Cog loaded: idea
21:18:12 [INFO] Cog loaded: check_slash
21:18:12 [INFO] Cog loaded: op
21:18:12 [INFO] Cog loaded: alt
21:18:12 [INFO] Cog loaded: ascii
21:18:12 [INFO] Cog loaded: give_money
21:18:12 [INFO] Cog loaded: lyrics
21:18:12 [INFO] Cog loaded: setlanguage
21:18:12 [INFO] Cog loaded: pay
21:18:12 [INFO] Cog loaded: info
21:18:12 [INFO] Cog loaded: balance
21:18:12 [INFO] Cog loaded: nick
21:18:12 [INFO] Cog loaded: hex
21:18:12 [INFO] Cog loaded: whois
21:18:12 [INFO] Cog loaded: set_money
21:18:12 [INFO] Cog loaded: say_slash
21:18:12 [INFO] Cog loaded: data
21:18:12 [INFO] Cog loaded: logs
21:18:12 [INFO] Cog loaded: say
21:18:12 [INFO] Cog loaded: deop
21:18:12 [INFO] Cog loaded: yt
21:18:12 [INFO] Cog loaded: loop_template
21:18:15 [INFO] Startup: Pybot#9863 is online!
21:18:22 [INFO] M2rsh#6595: leaderboard
