21:32:28 [INFO] Cog loaded: on_command_error
21:32:28 [INFO] Cog loaded: on_ready
21:32:28 [INFO] Cog loaded: pirate
21:32:28 [INFO] Cog loaded: meme
21:32:28 [INFO] Cog loaded: iq
21:32:28 [INFO] Cog loaded: bj
21:32:28 [INFO] Cog loaded: doom
21:32:28 [INFO] Cog loaded: kill
21:32:28 [INFO] Cog loaded: cum
21:32:28 [INFO] Cog loaded: embed
21:32:28 [INFO] Cog loaded: music
21:32:28 [INFO] Cog loaded: tts
21:32:28 [INFO] Cog loaded: unban
21:32:28 [INFO] Cog loaded: pp
21:32:28 [INFO] Cog loaded: dm
21:32:28 [INFO] Cog loaded: leaderboard
21:32:28 [INFO] Cog loaded: rate
21:32:28 [INFO] Cog loaded: ban
21:32:28 [INFO] Cog loaded: can
21:32:28 [INFO] Cog loaded: help
21:32:28 [INFO] Cog loaded: rate_slash
21:32:28 [INFO] Cog loaded: languages
21:32:28 [INFO] Cog loaded: work
21:32:28 [INFO] Cog loaded: check
21:32:28 [INFO] Cog loaded: idea
21:32:28 [INFO] Cog loaded: check_slash
21:32:28 [INFO] Cog loaded: op
21:32:28 [INFO] Cog loaded: alt
21:32:28 [INFO] Cog loaded: ascii
21:32:28 [INFO] Cog loaded: give_money
21:32:28 [INFO] Cog loaded: lyrics
21:32:28 [INFO] Cog loaded: setlanguage
21:32:28 [INFO] Cog loaded: pay
21:32:28 [INFO] Cog loaded: info
21:32:28 [INFO] Cog loaded: balance
21:32:28 [INFO] Cog loaded: nick
21:32:28 [INFO] Cog loaded: hex
21:32:28 [INFO] Cog loaded: whois
21:32:28 [INFO] Cog loaded: set_money
21:32:28 [INFO] Cog loaded: say_slash
21:32:28 [INFO] Cog loaded: data
21:32:28 [INFO] Cog loaded: logs
21:32:28 [INFO] Cog loaded: say
21:32:28 [INFO] Cog loaded: deop
21:32:28 [INFO] Cog loaded: yt
21:32:28 [INFO] Cog loaded: loop_template
21:32:29 [INFO] Ant#7315: balance
21:32:31 [INFO] Startup: Pybot#9863 is online!
21:32:34 [INFO] Tou com conta nova tá na bio#5334: leaderboard
21:32:36 [INFO] gzeht#5884: say
21:32:38 [INFO] SILVAN#1437: balance
21:32:38 [INFO] Ant#7315: balance
21:32:39 [INFO] M2rsh#6595: pay
21:32:43 [ERROR] M2rsh#6595: Command raised an exception: ValueError: Value must be more than 0
