23:18:39 [INFO] Cog loaded: on_command_error
23:18:39 [INFO] Cog loaded: on_ready
23:18:39 [INFO] Cog loaded: pirate
23:18:39 [INFO] Cog loaded: meme
23:18:39 [INFO] Cog loaded: iq
23:18:39 [INFO] Cog loaded: bj
23:18:39 [INFO] Cog loaded: doom
23:18:39 [INFO] Cog loaded: kill
23:18:39 [INFO] Cog loaded: embed_slash
23:18:39 [INFO] Cog loaded: cum
23:18:39 [INFO] Cog loaded: embed
23:18:39 [INFO] Cog loaded: music
23:18:39 [INFO] Cog loaded: tts
23:18:39 [INFO] Cog loaded: unban
23:18:39 [INFO] Cog loaded: pp
23:18:39 [INFO] Cog loaded: dm
23:18:39 [INFO] Cog loaded: leaderboard
23:18:39 [INFO] Cog loaded: rate
23:18:39 [INFO] Cog loaded: ban
23:18:39 [INFO] Cog loaded: can
23:18:39 [INFO] Cog loaded: help
23:18:39 [INFO] Cog loaded: rate_slash
23:18:39 [INFO] Cog loaded: languages
23:18:39 [INFO] Cog loaded: work
23:18:39 [INFO] Cog loaded: check
23:18:39 [INFO] Cog loaded: idea
23:18:39 [INFO] Cog loaded: check_slash
23:18:40 [INFO] Cog loaded: op
23:18:40 [INFO] Cog loaded: alt
23:18:40 [INFO] Cog loaded: ascii
23:18:40 [INFO] Cog loaded: give_money
23:18:40 [INFO] Cog loaded: lyrics
23:18:40 [INFO] Cog loaded: setlanguage
23:18:40 [INFO] Cog loaded: pay
23:18:40 [INFO] Cog loaded: info
23:18:40 [INFO] Cog loaded: balance
23:18:40 [INFO] Cog loaded: nick
23:18:40 [INFO] Cog loaded: hex
23:18:40 [INFO] Cog loaded: whois
23:18:40 [INFO] Cog loaded: set_money
23:18:40 [INFO] Cog loaded: say_slash
23:18:40 [INFO] Cog loaded: data
23:18:40 [INFO] Cog loaded: logs
23:18:40 [INFO] Cog loaded: say
23:18:40 [INFO] Cog loaded: deop
23:18:40 [INFO] Cog loaded: yt
23:18:40 [INFO] Cog loaded: loop_template
23:18:43 [INFO] Startup: Pybot#9863 is online!
23:18:52 [INFO] M2rsh#6595: lyrics
