18:54:13 [INFO] Cog loaded: on_command_error
18:54:13 [INFO] Cog loaded: on_ready
18:54:13 [INFO] Cog loaded: pirate
18:54:13 [INFO] Cog loaded: meme
18:54:13 [INFO] Cog loaded: iq
18:54:13 [INFO] Cog loaded: bj
18:54:13 [INFO] Cog loaded: doom
18:54:13 [INFO] Cog loaded: kill
18:54:13 [INFO] Cog loaded: cum
18:54:13 [INFO] Cog loaded: embed
18:54:14 [INFO] Cog loaded: music
18:54:14 [INFO] Cog loaded: tts
18:54:14 [INFO] Cog loaded: unban
18:54:14 [INFO] Cog loaded: pp
18:54:14 [INFO] Cog loaded: dm
18:54:14 [INFO] Cog loaded: leaderboard
18:54:14 [INFO] Cog loaded: rate
18:54:14 [INFO] Cog loaded: ban
18:54:14 [INFO] Cog loaded: can
18:54:14 [INFO] Cog loaded: help
18:54:14 [INFO] Cog loaded: rate_slash
18:54:14 [INFO] Cog loaded: languages
18:54:14 [INFO] Cog loaded: work
18:54:14 [INFO] Cog loaded: check
18:54:14 [INFO] Cog loaded: idea
18:54:14 [INFO] Cog loaded: check_slash
18:54:14 [INFO] Cog loaded: op
18:54:14 [INFO] Cog loaded: alt
18:54:14 [INFO] Cog loaded: ascii
18:54:14 [INFO] Cog loaded: give_money
18:54:14 [INFO] Cog loaded: lyrics
18:54:14 [INFO] Cog loaded: setlanguage
18:54:14 [INFO] Cog loaded: pay
18:54:14 [INFO] Cog loaded: info
18:54:14 [INFO] Cog loaded: balance
18:54:14 [INFO] Cog loaded: nick
18:54:14 [INFO] Cog loaded: hex
18:54:14 [INFO] Cog loaded: whois
18:54:14 [INFO] Cog loaded: set_money
18:54:14 [INFO] Cog loaded: say_slash
18:54:14 [INFO] Cog loaded: data
18:54:14 [INFO] Cog loaded: logs
18:54:14 [INFO] Cog loaded: say
18:54:14 [INFO] Cog loaded: deop
18:54:14 [INFO] Cog loaded: yt
18:54:14 [INFO] Cog loaded: loop_template
18:54:17 [INFO] Startup: Pybot#9863 is online!
18:54:18 [INFO] M2rsh#6595: play
