23:14:48 [INFO] Cog loaded: on_command_error
23:14:48 [INFO] Cog loaded: on_ready
23:14:49 [INFO] Cog loaded: pirate
23:14:49 [INFO] Cog loaded: meme
23:14:49 [INFO] Cog loaded: iq
23:14:49 [INFO] Cog loaded: bj
23:14:49 [INFO] Cog loaded: doom
23:14:49 [INFO] Cog loaded: kill
23:14:49 [INFO] Cog loaded: embed_slash
23:14:49 [INFO] Cog loaded: cum
23:14:49 [INFO] Cog loaded: embed
23:14:50 [INFO] Cog loaded: music
23:14:50 [INFO] Cog loaded: tts
23:14:50 [INFO] Cog loaded: unban
23:14:50 [INFO] Cog loaded: pp
23:14:50 [INFO] Cog loaded: dm
23:14:50 [INFO] Cog loaded: leaderboard
23:14:50 [INFO] Cog loaded: rate
23:14:50 [INFO] Cog loaded: ban
23:14:50 [INFO] Cog loaded: can
23:14:50 [INFO] Cog loaded: help
23:14:50 [INFO] Cog loaded: rate_slash
23:14:50 [INFO] Cog loaded: languages
23:14:50 [INFO] Cog loaded: work
23:14:50 [INFO] Cog loaded: check
23:14:50 [INFO] Cog loaded: idea
23:14:50 [INFO] Cog loaded: check_slash
23:14:50 [INFO] Cog loaded: op
23:14:50 [INFO] Cog loaded: alt
23:14:51 [INFO] Cog loaded: ascii
23:14:51 [INFO] Cog loaded: give_money
23:14:51 [INFO] Cog loaded: lyrics
23:14:51 [INFO] Cog loaded: setlanguage
23:14:51 [INFO] Cog loaded: pay
23:14:51 [INFO] Cog loaded: info
23:14:51 [INFO] Cog loaded: balance
23:14:51 [INFO] Cog loaded: nick
23:14:51 [INFO] Cog loaded: hex
23:14:51 [INFO] Cog loaded: whois
23:14:51 [INFO] Cog loaded: set_money
23:14:51 [INFO] Cog loaded: say_slash
23:14:51 [INFO] Cog loaded: data
23:14:51 [INFO] Cog loaded: logs
23:14:51 [INFO] Cog loaded: say
23:14:51 [INFO] Cog loaded: deop
23:14:51 [INFO] Cog loaded: yt
23:14:51 [INFO] Cog loaded: loop_template
23:14:54 [INFO] Startup: Pybot#9863 is online!
23:14:57 [INFO] M2rsh#6595: lyrics
