21:32:15 [INFO] Cog loaded: on_command_error
21:32:15 [INFO] Cog loaded: on_ready
21:32:15 [INFO] Cog loaded: pirate
21:32:15 [INFO] Cog loaded: meme
21:32:15 [INFO] Cog loaded: iq
21:32:15 [INFO] Cog loaded: bj
21:32:15 [INFO] Cog loaded: doom
21:32:15 [INFO] Cog loaded: kill
21:32:15 [INFO] Cog loaded: cum
21:32:15 [INFO] Cog loaded: embed
21:32:15 [INFO] Cog loaded: music
21:32:15 [INFO] Cog loaded: tts
21:32:15 [INFO] Cog loaded: unban
21:32:15 [INFO] Cog loaded: pp
21:32:15 [INFO] Cog loaded: dm
21:32:15 [INFO] Cog loaded: leaderboard
21:32:15 [INFO] Cog loaded: rate
21:32:15 [INFO] Cog loaded: ban
21:32:15 [INFO] Cog loaded: can
21:32:15 [INFO] Cog loaded: help
21:32:15 [INFO] Cog loaded: rate_slash
21:32:15 [INFO] Cog loaded: languages
21:32:15 [INFO] Cog loaded: work
21:32:15 [INFO] Cog loaded: check
21:32:15 [INFO] Cog loaded: idea
21:32:15 [INFO] Cog loaded: check_slash
21:32:15 [INFO] Cog loaded: op
21:32:15 [INFO] Cog loaded: alt
21:32:15 [INFO] Cog loaded: ascii
21:32:15 [INFO] Cog loaded: give_money
21:32:15 [INFO] Cog loaded: lyrics
21:32:15 [INFO] Cog loaded: setlanguage
21:32:15 [INFO] Cog loaded: pay
21:32:15 [INFO] Cog loaded: info
21:32:15 [INFO] Cog loaded: balance
21:32:15 [INFO] Cog loaded: nick
21:32:15 [INFO] Cog loaded: hex
21:32:15 [INFO] Cog loaded: whois
21:32:15 [INFO] Cog loaded: set_money
21:32:15 [INFO] Cog loaded: say_slash
21:32:15 [INFO] Cog loaded: data
21:32:15 [INFO] Cog loaded: logs
21:32:15 [INFO] Cog loaded: say
21:32:15 [INFO] Cog loaded: deop
21:32:15 [INFO] Cog loaded: yt
21:32:15 [INFO] Cog loaded: loop_template
21:32:18 [INFO] Tou com conta nova tá na bio#5334: pay
21:32:18 [INFO] Startup: Pybot#9863 is online!
21:32:18 [ERROR] Tou com conta nova tá na bio#5334: Command raised an exception: AttributeError: module 'discord.ext.commands' has no attribute 'ValueError'
21:32:21 [INFO] Tou com conta nova tá na bio#5334: pay
21:32:22 [ERROR] Tou com conta nova tá na bio#5334: Command raised an exception: AttributeError: module 'discord.ext.commands' has no attribute 'ValueError'
21:32:23 [INFO] Tou com conta nova tá na bio#5334: balance
