14:14:31 [INFO] Cog loaded: on_command_error
14:14:31 [INFO] Cog loaded: on_ready
14:14:31 [INFO] Cog loaded: pirate
14:14:31 [INFO] Cog loaded: meme
14:14:31 [INFO] Cog loaded: iq
14:14:31 [INFO] Cog loaded: bj
14:14:31 [INFO] Cog loaded: doom
14:14:31 [INFO] Cog loaded: kill
14:14:31 [INFO] Cog loaded: cum
14:14:31 [INFO] Cog loaded: embed
14:14:31 [INFO] Cog loaded: music
14:14:31 [INFO] Cog loaded: tts
14:14:31 [INFO] Cog loaded: unban
14:14:31 [INFO] Cog loaded: pp
14:14:31 [INFO] Cog loaded: dm
14:14:31 [INFO] Cog loaded: leaderboard
14:14:31 [INFO] Cog loaded: rate
14:14:31 [INFO] Cog loaded: ban
14:14:31 [INFO] Cog loaded: can
14:14:31 [INFO] Cog loaded: help
14:14:31 [INFO] Cog loaded: rate_slash
14:14:31 [INFO] Cog loaded: languages
14:14:31 [INFO] Cog loaded: work
14:14:31 [INFO] Cog loaded: check
14:14:31 [INFO] Cog loaded: idea
14:14:31 [INFO] Cog loaded: check_slash
14:14:31 [INFO] Cog loaded: op
14:14:31 [INFO] Cog loaded: alt
14:14:31 [INFO] Cog loaded: ascii
14:14:31 [INFO] Cog loaded: give_money
14:14:31 [INFO] Cog loaded: lyrics
14:14:31 [INFO] Cog loaded: setlanguage
14:14:31 [INFO] Cog loaded: pay
14:14:31 [INFO] Cog loaded: info
14:14:31 [INFO] Cog loaded: balance
14:14:31 [INFO] Cog loaded: nick
14:14:31 [INFO] Cog loaded: hex
14:14:31 [INFO] Cog loaded: whois
14:14:31 [INFO] Cog loaded: set_money
14:14:31 [INFO] Cog loaded: say_slash
14:14:31 [INFO] Cog loaded: data
14:14:31 [INFO] Cog loaded: logs
14:14:31 [INFO] Cog loaded: say
14:14:31 [INFO] Cog loaded: deop
14:14:31 [INFO] Cog loaded: yt
14:14:31 [INFO] Cog loaded: loop_template
14:14:34 [INFO] Startup: Pybot#9863 is online!
14:14:35 [ERROR] M2rsh#6595: Command "!languages" is not found
14:14:39 [INFO] M2rsh#6595: languages
