14:26:50 [INFO] Cog loaded: on_command_error
14:26:50 [INFO] Cog loaded: on_ready
14:26:50 [INFO] Cog loaded: pirate
14:26:50 [INFO] Cog loaded: meme
14:26:50 [INFO] Cog loaded: iq
14:26:50 [INFO] Cog loaded: bj
14:26:50 [INFO] Cog loaded: doom
14:26:50 [INFO] Cog loaded: kill
14:26:50 [INFO] Cog loaded: cum
14:26:50 [INFO] Cog loaded: embed
14:26:50 [INFO] Cog loaded: music
14:26:50 [INFO] Cog loaded: tts
14:26:50 [INFO] Cog loaded: unban
14:26:50 [INFO] Cog loaded: pp
14:26:50 [INFO] Cog loaded: dm
14:26:50 [INFO] Cog loaded: leaderboard
14:26:50 [INFO] Cog loaded: rate
14:26:50 [INFO] Cog loaded: ban
14:26:50 [INFO] Cog loaded: can
14:26:50 [INFO] Cog loaded: help
14:26:50 [INFO] Cog loaded: rate_slash
14:26:50 [INFO] Cog loaded: languages
14:26:50 [INFO] Cog loaded: work
14:26:50 [INFO] Cog loaded: check
14:26:50 [INFO] Cog loaded: idea
14:26:50 [INFO] Cog loaded: check_slash
14:26:50 [INFO] Cog loaded: op
14:26:50 [INFO] Cog loaded: alt
14:26:50 [INFO] Cog loaded: ascii
14:26:50 [INFO] Cog loaded: give_money
14:26:50 [INFO] Cog loaded: lyrics
14:26:50 [INFO] Cog loaded: setlanguage
14:26:50 [INFO] Cog loaded: pay
14:26:50 [INFO] Cog loaded: info
14:26:50 [INFO] Cog loaded: balance
14:26:50 [INFO] Cog loaded: nick
14:26:50 [INFO] Cog loaded: hex
14:26:50 [INFO] Cog loaded: whois
14:26:50 [INFO] Cog loaded: set_money
14:26:50 [INFO] Cog loaded: say_slash
14:26:50 [INFO] Cog loaded: data
14:26:50 [INFO] Cog loaded: logs
14:26:50 [INFO] Cog loaded: say
14:26:50 [INFO] Cog loaded: deop
14:26:50 [INFO] Cog loaded: yt
14:26:50 [INFO] Cog loaded: loop_template
14:26:53 [INFO] Startup: Pybot#9863 is online!
14:26:56 [ERROR] M2rsh#6595: 🚷 You're banned.
