21:16:23 [INFO] Cog loaded: on_command_error
21:16:23 [INFO] Cog loaded: on_ready
21:16:23 [INFO] Cog loaded: pirate
21:16:23 [INFO] Cog loaded: meme
21:16:23 [INFO] Cog loaded: iq
21:16:23 [INFO] Cog loaded: bj
21:16:23 [INFO] Cog loaded: doom
21:16:23 [INFO] Cog loaded: kill
21:16:23 [INFO] Cog loaded: cum
21:16:23 [INFO] Cog loaded: embed
21:16:23 [INFO] Cog loaded: music
21:16:23 [INFO] Cog loaded: tts
21:16:23 [INFO] Cog loaded: unban
21:16:23 [INFO] Cog loaded: pp
21:16:23 [INFO] Cog loaded: dm
21:16:23 [INFO] Cog loaded: leaderboard
21:16:23 [INFO] Cog loaded: rate
21:16:23 [INFO] Cog loaded: ban
21:16:23 [INFO] Cog loaded: can
21:16:23 [INFO] Cog loaded: help
21:16:23 [INFO] Cog loaded: rate_slash
21:16:23 [INFO] Cog loaded: languages
21:16:23 [INFO] Cog loaded: work
21:16:23 [INFO] Cog loaded: check
21:16:23 [INFO] Cog loaded: idea
21:16:23 [INFO] Cog loaded: check_slash
21:16:23 [INFO] Cog loaded: op
21:16:23 [INFO] Cog loaded: alt
21:16:23 [INFO] Cog loaded: ascii
21:16:23 [INFO] Cog loaded: give_money
21:16:23 [INFO] Cog loaded: lyrics
21:16:23 [INFO] Cog loaded: setlanguage
21:16:23 [INFO] Cog loaded: pay
21:16:23 [INFO] Cog loaded: info
21:16:23 [INFO] Cog loaded: balance
21:16:23 [INFO] Cog loaded: nick
21:16:23 [INFO] Cog loaded: hex
21:16:23 [INFO] Cog loaded: whois
21:16:23 [INFO] Cog loaded: set_money
21:16:23 [INFO] Cog loaded: say_slash
21:16:23 [INFO] Cog loaded: data
21:16:23 [INFO] Cog loaded: logs
21:16:23 [INFO] Cog loaded: say
21:16:23 [INFO] Cog loaded: deop
21:16:23 [INFO] Cog loaded: yt
21:16:23 [INFO] Cog loaded: loop_template
21:16:26 [INFO] Startup: Pybot#9863 is online!
21:16:28 [INFO] M2rsh#6595: leaderboard
21:16:37 [INFO] elek#9999: leaderboard
21:16:38 [ERROR] elek#9999: You are on cooldown. Try again in 1.48s
21:16:39 [ERROR] elek#9999: You are on cooldown. Try again in 1.11s
21:16:40 [ERROR] elek#9999: You are on cooldown. Try again in 0.61s
21:16:44 [ERROR] elek#9999: Command "lbb!lbb!lb" is not found
21:16:48 [ERROR] M2rsh#6595: You are missing Administrator permission(s) to run this command.
