13:59:44 [INFO] Cog loaded: on_command_error
13:59:44 [INFO] Cog loaded: on_ready
13:59:44 [INFO] Cog loaded: pirate
13:59:44 [INFO] Cog loaded: meme
13:59:44 [INFO] Cog loaded: iq
13:59:44 [INFO] Cog loaded: bj
13:59:44 [INFO] Cog loaded: doom
13:59:44 [INFO] Cog loaded: kill
13:59:44 [INFO] Cog loaded: cum
13:59:44 [INFO] Cog loaded: embed
13:59:45 [INFO] Cog loaded: music
13:59:45 [INFO] Cog loaded: tts
13:59:45 [INFO] Cog loaded: unban
13:59:45 [INFO] Cog loaded: pp
13:59:45 [INFO] Cog loaded: dm
13:59:45 [INFO] Cog loaded: leaderboard
13:59:45 [INFO] Cog loaded: rate
13:59:45 [INFO] Cog loaded: ban
13:59:45 [INFO] Cog loaded: can
13:59:45 [INFO] Cog loaded: help
13:59:45 [INFO] Cog loaded: rate_slash
13:59:45 [INFO] Cog loaded: languages
13:59:45 [INFO] Cog loaded: work
13:59:45 [INFO] Cog loaded: check
13:59:45 [INFO] Cog loaded: idea
13:59:45 [INFO] Cog loaded: check_slash
13:59:45 [INFO] Cog loaded: op
13:59:45 [INFO] Cog loaded: alt
13:59:45 [INFO] Cog loaded: ascii
13:59:45 [INFO] Cog loaded: give_money
13:59:45 [INFO] Cog loaded: lyrics
13:59:45 [INFO] Cog loaded: setlanguage
13:59:45 [INFO] Cog loaded: pay
13:59:45 [INFO] Cog loaded: info
13:59:45 [INFO] Cog loaded: balance
13:59:45 [INFO] Cog loaded: nick
13:59:45 [INFO] Cog loaded: hex
13:59:45 [INFO] Cog loaded: whois
13:59:45 [INFO] Cog loaded: set_money
13:59:45 [INFO] Cog loaded: say_slash
13:59:45 [INFO] Cog loaded: data
13:59:45 [INFO] Cog loaded: logs
13:59:45 [INFO] Cog loaded: say
13:59:45 [INFO] Cog loaded: deop
13:59:45 [INFO] Cog loaded: yt
13:59:45 [INFO] Cog loaded: loop_template
13:59:48 [INFO] Startup: Pybot#9863 is online!
14:00:01 [ERROR] M2rsh#6595: You are missing Administrator permission(s) to run this command.
