21:15:22 [INFO] Cog loaded: on_command_error
21:15:22 [INFO] Cog loaded: on_ready
21:15:22 [INFO] Cog loaded: pirate
21:15:22 [INFO] Cog loaded: meme
21:15:22 [INFO] Cog loaded: iq
21:15:22 [INFO] Cog loaded: bj
21:15:22 [INFO] Cog loaded: doom
21:15:22 [INFO] Cog loaded: kill
21:15:22 [INFO] Cog loaded: cum
21:15:22 [INFO] Cog loaded: embed
21:15:22 [INFO] Cog loaded: music
21:15:22 [INFO] Cog loaded: tts
21:15:22 [INFO] Cog loaded: unban
21:15:22 [INFO] Cog loaded: pp
21:15:22 [INFO] Cog loaded: dm
21:15:22 [INFO] Cog loaded: leaderboard
21:15:22 [INFO] Cog loaded: rate
21:15:22 [INFO] Cog loaded: ban
21:15:22 [INFO] Cog loaded: can
21:15:22 [INFO] Cog loaded: help
21:15:22 [INFO] Cog loaded: rate_slash
21:15:22 [INFO] Cog loaded: languages
21:15:22 [INFO] Cog loaded: work
21:15:22 [INFO] Cog loaded: check
21:15:22 [INFO] Cog loaded: idea
21:15:22 [INFO] Cog loaded: check_slash
21:15:22 [INFO] Cog loaded: op
21:15:22 [INFO] Cog loaded: alt
21:15:22 [INFO] Cog loaded: ascii
21:15:22 [INFO] Cog loaded: give_money
21:15:22 [INFO] Cog loaded: lyrics
21:15:22 [INFO] Cog loaded: setlanguage
21:15:22 [INFO] Cog loaded: pay
21:15:22 [INFO] Cog loaded: info
21:15:22 [INFO] Cog loaded: balance
21:15:22 [INFO] Cog loaded: nick
21:15:22 [INFO] Cog loaded: hex
21:15:22 [INFO] Cog loaded: whois
21:15:22 [INFO] Cog loaded: set_money
21:15:22 [INFO] Cog loaded: say_slash
21:15:22 [INFO] Cog loaded: data
21:15:22 [INFO] Cog loaded: logs
21:15:22 [INFO] Cog loaded: say
21:15:22 [INFO] Cog loaded: deop
21:15:22 [INFO] Cog loaded: yt
21:15:22 [INFO] Cog loaded: loop_template
21:15:25 [INFO] Startup: Pybot#9863 is online!
21:15:49 [INFO] M2rsh#6595: leaderboard
