16:20:26 [INFO] Cog loaded: on_command_error
16:20:26 [INFO] Cog loaded: on_ready
16:20:26 [INFO] Cog loaded: pirate
16:20:26 [INFO] Cog loaded: meme
16:20:26 [INFO] Cog loaded: iq
16:20:26 [INFO] Cog loaded: bj
16:20:26 [INFO] Cog loaded: doom
16:20:26 [INFO] Cog loaded: kill
16:20:26 [INFO] Cog loaded: embed_slash
16:20:26 [INFO] Cog loaded: cum
16:20:26 [INFO] Cog loaded: embed
16:20:27 [INFO] Cog loaded: music
16:20:27 [INFO] Cog loaded: tts
16:20:27 [INFO] Cog loaded: unban
16:20:27 [INFO] Cog loaded: pp
16:20:27 [INFO] Cog loaded: dm
16:20:27 [INFO] Cog loaded: leaderboard
16:20:27 [INFO] Cog loaded: rate
16:20:27 [INFO] Cog loaded: ban
16:20:27 [INFO] Cog loaded: can
16:20:27 [INFO] Cog loaded: help
16:20:27 [INFO] Cog loaded: rate_slash
16:20:27 [INFO] Cog loaded: languages
16:20:27 [INFO] Cog loaded: work
16:20:27 [INFO] Cog loaded: check
16:20:27 [INFO] Cog loaded: idea
16:20:27 [INFO] Cog loaded: check_slash
16:20:27 [INFO] Cog loaded: op
16:20:27 [INFO] Cog loaded: alt
16:20:27 [INFO] Cog loaded: ascii
16:20:27 [INFO] Cog loaded: give_money
16:20:27 [INFO] Cog loaded: lyrics
16:20:27 [INFO] Cog loaded: setlanguage
16:20:27 [INFO] Cog loaded: pay
16:20:27 [INFO] Cog loaded: info
16:20:27 [INFO] Cog loaded: balance
16:20:27 [INFO] Cog loaded: nick
16:20:27 [INFO] Cog loaded: hex
16:20:27 [INFO] Cog loaded: whois
16:20:27 [INFO] Cog loaded: set_money
16:20:27 [INFO] Cog loaded: say_slash
16:20:27 [INFO] Cog loaded: data
16:20:27 [INFO] Cog loaded: logs
16:20:27 [INFO] Cog loaded: say
16:20:27 [INFO] Cog loaded: deop
16:20:27 [INFO] Cog loaded: yt
16:20:27 [INFO] Cog loaded: loop_template
16:20:30 [INFO] Startup: Pybot#9863 is online!
16:20:33 [ERROR] M2rsh#6595: Command "help\" is not found
16:20:37 [INFO] M2rsh#6595: @#help
16:20:47 [ERROR] Gato#9999: Command "prefix" is not found
