17:10:16 [INFO] Cog loaded: on_command_error
17:10:16 [INFO] Cog loaded: on_ready
17:10:16 [INFO] Cog loaded: pirate
17:10:16 [INFO] Cog loaded: meme
17:10:16 [INFO] Cog loaded: iq
17:10:16 [INFO] Cog loaded: bj
17:10:16 [INFO] Cog loaded: doom
17:10:16 [INFO] Cog loaded: kill
17:10:16 [INFO] Cog loaded: embed_slash
17:10:16 [INFO] Cog loaded: cum
17:10:16 [INFO] Cog loaded: embed
17:10:16 [INFO] Cog loaded: music
17:10:16 [INFO] Cog loaded: tts
17:10:16 [INFO] Cog loaded: unban
17:10:16 [INFO] Cog loaded: pp
17:10:16 [INFO] Cog loaded: dm
17:10:16 [INFO] Cog loaded: leaderboard
17:10:16 [INFO] Cog loaded: rate
17:10:16 [INFO] Cog loaded: ban
17:10:16 [INFO] Cog loaded: can
17:10:16 [INFO] Cog loaded: help
17:10:16 [INFO] Cog loaded: rate_slash
17:10:16 [INFO] Cog loaded: languages
17:10:16 [INFO] Cog loaded: work
17:10:16 [INFO] Cog loaded: check
17:10:16 [INFO] Cog loaded: idea
17:10:16 [INFO] Cog loaded: check_slash
17:10:16 [INFO] Cog loaded: op
17:10:16 [INFO] Cog loaded: alt
17:10:16 [INFO] Cog loaded: ascii
17:10:16 [INFO] Cog loaded: give_money
17:10:16 [INFO] Cog loaded: lyrics
17:10:16 [INFO] Cog loaded: setlanguage
17:10:16 [INFO] Cog loaded: pay
17:10:16 [INFO] Cog loaded: info
17:10:16 [INFO] Cog loaded: balance
17:10:16 [INFO] Cog loaded: nick
17:10:16 [INFO] Cog loaded: hex
17:10:16 [INFO] Cog loaded: whois
17:10:16 [INFO] Cog loaded: set_money
17:10:16 [INFO] Cog loaded: say_slash
17:10:16 [INFO] Cog loaded: data
17:10:16 [INFO] Cog loaded: logs
17:10:16 [INFO] Cog loaded: say
17:10:16 [INFO] Cog loaded: deop
17:10:16 [INFO] Cog loaded: yt
17:10:16 [INFO] Cog loaded: prefix
17:10:16 [INFO] Cog loaded: loop_template
17:10:19 [INFO] Startup: Pybot#9863 is online!
17:10:25 [INFO] M2rsh#6595: b!set everyone 69
17:10:28 [INFO] M2rsh#6595: b!lb
