16:19:24 [INFO] Cog loaded: on_command_error
16:19:24 [INFO] Cog loaded: on_ready
16:19:24 [INFO] Cog loaded: pirate
16:19:24 [INFO] Cog loaded: meme
16:19:24 [INFO] Cog loaded: iq
16:19:24 [INFO] Cog loaded: bj
16:19:24 [INFO] Cog loaded: doom
16:19:24 [INFO] Cog loaded: kill
16:19:24 [INFO] Cog loaded: embed_slash
16:19:24 [INFO] Cog loaded: cum
16:19:24 [INFO] Cog loaded: embed
16:19:24 [INFO] Cog loaded: music
16:19:24 [INFO] Cog loaded: tts
16:19:24 [INFO] Cog loaded: unban
16:19:24 [INFO] Cog loaded: pp
16:19:24 [INFO] Cog loaded: dm
16:19:24 [INFO] Cog loaded: leaderboard
16:19:24 [INFO] Cog loaded: rate
16:19:24 [INFO] Cog loaded: ban
16:19:24 [INFO] Cog loaded: can
16:19:24 [INFO] Cog loaded: help
16:19:24 [INFO] Cog loaded: rate_slash
16:19:24 [INFO] Cog loaded: languages
16:19:24 [INFO] Cog loaded: work
16:19:24 [INFO] Cog loaded: check
16:19:24 [INFO] Cog loaded: idea
16:19:24 [INFO] Cog loaded: check_slash
16:19:24 [INFO] Cog loaded: op
16:19:24 [INFO] Cog loaded: alt
16:19:25 [INFO] Cog loaded: ascii
16:19:25 [INFO] Cog loaded: give_money
16:19:25 [INFO] Cog loaded: lyrics
16:19:25 [INFO] Cog loaded: setlanguage
16:19:25 [INFO] Cog loaded: pay
16:19:25 [INFO] Cog loaded: info
16:19:25 [INFO] Cog loaded: balance
16:19:25 [INFO] Cog loaded: nick
16:19:25 [INFO] Cog loaded: hex
16:19:25 [INFO] Cog loaded: whois
16:19:25 [INFO] Cog loaded: set_money
16:19:25 [INFO] Cog loaded: say_slash
16:19:25 [INFO] Cog loaded: data
16:19:25 [INFO] Cog loaded: logs
16:19:25 [INFO] Cog loaded: say
16:19:25 [INFO] Cog loaded: deop
16:19:25 [INFO] Cog loaded: yt
16:19:25 [INFO] Cog loaded: loop_template
16:19:28 [INFO] Startup: Pybot#9863 is online!
16:19:29 [INFO] gzeht#5884: <Message id=914913468400939019 channel=<TextChannel id=914189600438767706 name='general' position=4 nsfw=False news=False category_id=903486840840011786> type=<MessageType.default: 0> author=<Member id=495905677223526400 name='gzeht' discriminator='5884' bot=False nick=None guild=<Guild id=903486840223436851 name='adbin aboose central ure mum lmaooo' shard_id=0 chunked=False member_count=1034>> flags=<MessageFlags value=0>>
