16:21:14 [INFO] Cog loaded: on_command_error
16:21:14 [INFO] Cog loaded: on_ready
16:21:14 [INFO] Cog loaded: pirate
16:21:14 [INFO] Cog loaded: meme
16:21:14 [INFO] Cog loaded: iq
16:21:14 [INFO] Cog loaded: bj
16:21:14 [INFO] Cog loaded: doom
16:21:14 [INFO] Cog loaded: kill
16:21:14 [INFO] Cog loaded: embed_slash
16:21:14 [INFO] Cog loaded: cum
16:21:14 [INFO] Cog loaded: embed
16:21:14 [INFO] Cog loaded: music
16:21:14 [INFO] Cog loaded: tts
16:21:14 [INFO] Cog loaded: unban
16:21:14 [INFO] Cog loaded: pp
16:21:14 [INFO] Cog loaded: dm
16:21:14 [INFO] Cog loaded: leaderboard
16:21:14 [INFO] Cog loaded: rate
16:21:14 [INFO] Cog loaded: ban
16:21:14 [INFO] Cog loaded: can
16:21:14 [INFO] Cog loaded: help
16:21:14 [INFO] Cog loaded: rate_slash
16:21:14 [INFO] Cog loaded: languages
16:21:14 [INFO] Cog loaded: work
16:21:14 [INFO] Cog loaded: check
16:21:14 [INFO] Cog loaded: idea
16:21:14 [INFO] Cog loaded: check_slash
16:21:14 [INFO] Cog loaded: op
16:21:14 [INFO] Cog loaded: alt
16:21:15 [INFO] Cog loaded: ascii
16:21:15 [INFO] Cog loaded: give_money
16:21:15 [INFO] Cog loaded: lyrics
16:21:15 [INFO] Cog loaded: setlanguage
16:21:15 [INFO] Cog loaded: pay
16:21:15 [INFO] Cog loaded: info
16:21:15 [INFO] Cog loaded: balance
16:21:15 [INFO] Cog loaded: nick
16:21:15 [INFO] Cog loaded: hex
16:21:15 [INFO] Cog loaded: whois
16:21:15 [INFO] Cog loaded: set_money
16:21:15 [INFO] Cog loaded: say_slash
16:21:15 [INFO] Cog loaded: data
16:21:15 [INFO] Cog loaded: logs
16:21:15 [INFO] Cog loaded: say
16:21:15 [INFO] Cog loaded: deop
16:21:15 [INFO] Cog loaded: yt
16:21:15 [INFO] Cog loaded: loop_template
16:21:16 [INFO] DMCPACKS#9619: !nick potato
16:21:18 [INFO] Startup: Pybot#9863 is online!
16:21:25 [INFO] DMCPACKS#9619: !bj 1000
16:21:30 [INFO] DMCPACKS#9619: !bj 100
16:21:31 [ERROR] DMCPACKS#9619: Command raised an exception: OperationalError: database is locked
16:21:31 [ERROR] DMCPACKS#9619: Command raised an exception: OperationalError: database is locked
