10:06:39 [INFO] Cog loaded: on_message
10:06:39 [INFO] Cog loaded: on_command_error
10:06:39 [INFO] Cog loaded: on_ready
10:06:39 [INFO] Cog loaded: pirate
10:06:39 [INFO] Cog loaded: meme
10:06:39 [INFO] Cog loaded: iq
10:06:39 [INFO] Cog loaded: bj
10:06:39 [INFO] Cog loaded: doom
10:06:39 [INFO] Cog loaded: kill
10:06:39 [INFO] Cog loaded: embed_slash
10:06:39 [INFO] Cog loaded: cum
10:06:39 [INFO] Cog loaded: botSettings
10:06:39 [INFO] Cog loaded: embed
10:06:39 [INFO] Cog loaded: music
10:06:39 [INFO] Cog loaded: tts
10:06:39 [INFO] Cog loaded: unban
10:06:39 [INFO] Cog loaded: pp
10:06:39 [INFO] Cog loaded: dm
10:06:39 [INFO] Cog loaded: leaderboard
10:06:39 [INFO] Cog loaded: rate
10:06:39 [INFO] Cog loaded: ban
10:06:39 [INFO] Cog loaded: can
10:06:39 [INFO] Cog loaded: help
10:06:39 [INFO] Cog loaded: rate_slash
10:06:39 [INFO] Cog loaded: languages
10:06:39 [INFO] Cog loaded: work
10:06:39 [INFO] Cog loaded: check
10:06:39 [INFO] Cog loaded: idea
10:06:39 [INFO] Cog loaded: check_slash
10:06:39 [INFO] Cog loaded: op
10:06:39 [INFO] Cog loaded: alt
10:06:40 [INFO] Cog loaded: ascii
10:06:40 [INFO] Cog loaded: give_money
10:06:40 [INFO] Cog loaded: lyrics
10:06:40 [INFO] Cog loaded: setlanguage
10:06:40 [INFO] Cog loaded: pay
10:06:40 [INFO] Cog loaded: info
10:06:40 [INFO] Cog loaded: balance
10:06:40 [INFO] Cog loaded: nick
10:06:40 [INFO] Cog loaded: hex
10:06:40 [INFO] Cog loaded: whois
10:06:40 [INFO] Cog loaded: set_money
10:06:40 [INFO] Cog loaded: say_slash
10:06:40 [INFO] Cog loaded: data
10:06:40 [INFO] Cog loaded: logs
10:06:40 [INFO] Cog loaded: say
10:06:40 [INFO] Cog loaded: deop
10:06:40 [INFO] Cog loaded: yt
10:06:40 [INFO] Cog loaded: prefix
10:06:40 [INFO] Cog loaded: loop_template
10:06:40 [INFO] Cog loaded: auto_backup
10:06:43 [INFO] Startup: Pybot#9863 is online!
