10:56:02 [INFO] Cog loaded: on_message
10:56:02 [INFO] Cog loaded: on_command_error
10:56:02 [INFO] Cog loaded: on_ready
10:56:02 [INFO] Cog loaded: pirate
10:56:02 [INFO] Cog loaded: meme
10:56:02 [INFO] Cog loaded: iq
10:56:02 [INFO] Cog loaded: bj
10:56:02 [INFO] Cog loaded: doom
10:56:02 [INFO] Cog loaded: kill
10:56:02 [INFO] Cog loaded: embed_slash
10:56:02 [INFO] Cog loaded: cum
10:56:02 [INFO] Cog loaded: botSettings
10:56:02 [INFO] Cog loaded: embed
10:56:03 [INFO] Cog loaded: music
10:56:03 [INFO] Cog loaded: tts
10:56:03 [INFO] Cog loaded: unban
10:56:03 [INFO] Cog loaded: pp
10:56:03 [INFO] Cog loaded: dm
10:56:03 [INFO] Cog loaded: leaderboard
10:56:03 [INFO] Cog loaded: rate
10:56:03 [INFO] Cog loaded: ban
10:56:03 [INFO] Cog loaded: can
10:56:03 [INFO] Cog loaded: help
10:56:03 [INFO] Cog loaded: rate_slash
10:56:03 [INFO] Cog loaded: languages
10:56:03 [INFO] Cog loaded: work
10:56:03 [INFO] Cog loaded: check
10:56:03 [INFO] Cog loaded: idea
10:56:03 [INFO] Cog loaded: check_slash
10:56:03 [INFO] Cog loaded: op
10:56:03 [INFO] Cog loaded: alt
10:56:03 [INFO] Cog loaded: ascii
10:56:03 [INFO] Cog loaded: give_money
10:56:03 [INFO] Cog loaded: lyrics
10:56:03 [INFO] Cog loaded: setlanguage
10:56:03 [INFO] Cog loaded: pay
10:56:03 [INFO] Cog loaded: info
10:56:03 [INFO] Cog loaded: balance
10:56:03 [INFO] Cog loaded: nick
10:56:03 [INFO] Cog loaded: hex
10:56:03 [INFO] Cog loaded: whois
10:56:03 [INFO] Cog loaded: set_money
10:56:03 [INFO] Cog loaded: say_slash
10:56:03 [INFO] Cog loaded: data
10:56:03 [INFO] Cog loaded: logs
10:56:03 [INFO] Cog loaded: say
10:56:03 [INFO] Cog loaded: deop
10:56:03 [INFO] Cog loaded: yt
10:56:03 [INFO] Cog loaded: prefix
10:56:03 [INFO] Cog loaded: loop_template
10:56:03 [INFO] Cog loaded: auto_backup
10:56:06 [INFO] Startup: Pybot#9863 is online!
10:56:28 [INFO] M2rsh#6595: b!bj 69420
10:56:31 [INFO] M2rsh#6595: b!bj 69
10:56:40 [INFO] M2rsh#6595: b!bj 1000
10:56:48 [INFO] M2rsh#6595: b!bj 1000
10:56:53 [INFO] M2rsh#6595: b!bj 1000
