08:29:08 [INFO] Cog loaded: on_command_error
08:29:08 [INFO] Cog loaded: on_ready
08:29:08 [INFO] Cog loaded: pirate
08:29:08 [INFO] Cog loaded: meme
08:29:08 [INFO] Cog loaded: iq
08:29:08 [INFO] Cog loaded: bj
08:29:08 [INFO] Cog loaded: doom
08:29:08 [INFO] Cog loaded: kill
08:29:08 [INFO] Cog loaded: embed_slash
08:29:08 [INFO] Cog loaded: cum
08:29:08 [INFO] Cog loaded: botSettings
08:29:08 [INFO] Cog loaded: embed
08:29:08 [INFO] Cog loaded: music
08:29:08 [INFO] Cog loaded: tts
08:29:08 [INFO] Cog loaded: unban
08:29:08 [INFO] Cog loaded: pp
08:29:08 [INFO] Cog loaded: dm
08:29:08 [INFO] Cog loaded: leaderboard
08:29:08 [INFO] Cog loaded: rate
08:29:08 [INFO] Cog loaded: ban
08:29:08 [INFO] Cog loaded: can
08:29:08 [INFO] Cog loaded: help
08:29:08 [INFO] Cog loaded: rate_slash
08:29:08 [INFO] Cog loaded: languages
08:29:08 [INFO] Cog loaded: work
08:29:08 [INFO] Cog loaded: check
08:29:08 [INFO] Cog loaded: idea
08:29:08 [INFO] Cog loaded: check_slash
08:29:08 [INFO] Cog loaded: op
08:29:08 [INFO] Cog loaded: alt
08:29:08 [INFO] Cog loaded: ascii
08:29:08 [INFO] Cog loaded: give_money
08:29:08 [INFO] Cog loaded: lyrics
08:29:08 [INFO] Cog loaded: setlanguage
08:29:08 [INFO] Cog loaded: pay
08:29:08 [INFO] Cog loaded: info
08:29:08 [INFO] Cog loaded: balance
08:29:08 [INFO] Cog loaded: nick
08:29:08 [INFO] Cog loaded: hex
08:29:08 [INFO] Cog loaded: whois
08:29:08 [INFO] Cog loaded: set_money
08:29:08 [INFO] Cog loaded: say_slash
08:29:08 [INFO] Cog loaded: data
08:29:08 [INFO] Cog loaded: logs
08:29:08 [INFO] Cog loaded: say
08:29:08 [INFO] Cog loaded: deop
08:29:08 [INFO] Cog loaded: yt
08:29:08 [INFO] Cog loaded: prefix
08:29:08 [INFO] Cog loaded: loop_template
08:29:08 [INFO] Cog loaded: auto_backup
08:29:12 [INFO] Startup: Pybot#9863 is online!
08:29:28 [INFO] M2rsh#6595: b!bot reload command help
08:29:28 [INFO] M2rsh#6595: b!bot reload command help
08:29:28 [INFO] M2rsh#6595: b!bot reload command help
08:29:36 [INFO] M2rsh#6595: b!help
