07:58:48 [INFO] Cog loaded: on_command_error
07:58:48 [INFO] Cog loaded: on_ready
07:58:48 [INFO] Cog loaded: pirate
07:58:48 [INFO] Cog loaded: meme
07:58:48 [INFO] Cog loaded: iq
07:58:48 [INFO] Cog loaded: bj
07:58:48 [INFO] Cog loaded: doom
07:58:48 [INFO] Cog loaded: kill
07:58:48 [INFO] Cog loaded: embed_slash
07:58:48 [INFO] Cog loaded: cum
07:58:48 [INFO] Cog loaded: botSettings
07:58:48 [INFO] Cog loaded: embed
07:58:49 [INFO] Cog loaded: music
07:58:49 [INFO] Cog loaded: tts
07:58:49 [INFO] Cog loaded: unban
07:58:49 [INFO] Cog loaded: pp
07:58:49 [INFO] Cog loaded: dm
07:58:49 [INFO] Cog loaded: leaderboard
07:58:49 [INFO] Cog loaded: rate
07:58:49 [INFO] Cog loaded: ban
07:58:49 [INFO] Cog loaded: can
07:58:49 [INFO] Cog loaded: help
07:58:49 [INFO] Cog loaded: rate_slash
07:58:49 [INFO] Cog loaded: languages
07:58:49 [INFO] Cog loaded: work
07:58:49 [INFO] Cog loaded: check
07:58:49 [INFO] Cog loaded: idea
07:58:49 [INFO] Cog loaded: check_slash
07:58:49 [INFO] Cog loaded: op
07:58:49 [INFO] Cog loaded: alt
07:58:49 [INFO] Cog loaded: ascii
07:58:49 [INFO] Cog loaded: give_money
07:58:49 [INFO] Cog loaded: lyrics
07:58:49 [INFO] Cog loaded: setlanguage
07:58:49 [INFO] Cog loaded: pay
07:58:49 [INFO] Cog loaded: info
07:58:49 [INFO] Cog loaded: balance
07:58:49 [INFO] Cog loaded: nick
07:58:49 [INFO] Cog loaded: hex
07:58:49 [INFO] Cog loaded: whois
07:58:49 [INFO] Cog loaded: set_money
07:58:49 [INFO] Cog loaded: say_slash
07:58:49 [INFO] Cog loaded: data
07:58:49 [INFO] Cog loaded: logs
07:58:49 [INFO] Cog loaded: say
07:58:49 [INFO] Cog loaded: deop
07:58:49 [INFO] Cog loaded: yt
07:58:49 [INFO] Cog loaded: prefix
07:58:49 [INFO] Cog loaded: loop_template
07:58:49 [INFO] Cog loaded: auto_backup
07:58:52 [INFO] Startup: Pybot#9863 is online!
07:58:56 [INFO] M2rsh#6595: b!bot reload help
07:58:56 [INFO] M2rsh#6595: b!bot reload help
07:59:13 [INFO] M2rsh#6595: b!help
07:59:19 [INFO] M2rsh#6595: b!info
