11:00:21 [INFO] Cog loaded: on_message
11:00:21 [INFO] Cog loaded: on_command_error
11:00:21 [INFO] Cog loaded: on_ready
11:00:21 [INFO] Cog loaded: pirate
11:00:21 [INFO] Cog loaded: meme
11:00:21 [INFO] Cog loaded: iq
11:00:21 [INFO] Cog loaded: bj
11:00:21 [INFO] Cog loaded: doom
11:00:21 [INFO] Cog loaded: kill
11:00:21 [INFO] Cog loaded: embed_slash
11:00:21 [INFO] Cog loaded: cum
11:00:21 [INFO] Cog loaded: botSettings
11:00:21 [INFO] Cog loaded: embed
11:00:22 [INFO] Cog loaded: music
11:00:22 [INFO] Cog loaded: tts
11:00:22 [INFO] Cog loaded: unban
11:00:22 [INFO] Cog loaded: pp
11:00:22 [INFO] Cog loaded: dm
11:00:22 [INFO] Cog loaded: leaderboard
11:00:22 [INFO] Cog loaded: rate
11:00:22 [INFO] Cog loaded: ban
11:00:22 [INFO] Cog loaded: can
11:00:22 [INFO] Cog loaded: help
11:00:22 [INFO] Cog loaded: rate_slash
11:00:22 [INFO] Cog loaded: languages
11:00:22 [INFO] Cog loaded: work
11:00:22 [INFO] Cog loaded: check
11:00:22 [INFO] Cog loaded: idea
11:00:22 [INFO] Cog loaded: check_slash
11:00:22 [INFO] Cog loaded: op
11:00:22 [INFO] Cog loaded: alt
11:00:22 [INFO] Cog loaded: ascii
11:00:22 [INFO] Cog loaded: give_money
11:00:22 [INFO] Cog loaded: lyrics
11:00:22 [INFO] Cog loaded: setlanguage
11:00:22 [INFO] Cog loaded: pay
11:00:22 [INFO] Cog loaded: info
11:00:22 [INFO] Cog loaded: balance
11:00:22 [INFO] Cog loaded: nick
11:00:22 [INFO] Cog loaded: hex
11:00:22 [INFO] Cog loaded: whois
11:00:22 [INFO] Cog loaded: set_money
11:00:22 [INFO] Cog loaded: say_slash
11:00:22 [INFO] Cog loaded: data
11:00:22 [INFO] Cog loaded: logs
11:00:22 [INFO] Cog loaded: say
11:00:22 [INFO] Cog loaded: deop
11:00:22 [INFO] Cog loaded: yt
11:00:22 [INFO] Cog loaded: prefix
11:00:22 [INFO] Cog loaded: loop_template
11:00:22 [INFO] Cog loaded: auto_backup
11:00:25 [INFO] Startup: Pybot#9863 is online!
11:00:26 [INFO] M2rsh#6595: b!bj 1000
11:00:58 [INFO] M2rsh#6595: b!bj 1000
