08:55:28 [INFO] Cog loaded: on_command_error
08:55:28 [INFO] Cog loaded: on_ready
08:55:28 [INFO] Cog loaded: pirate
08:55:28 [INFO] Cog loaded: meme
08:55:28 [INFO] Cog loaded: iq
08:55:28 [INFO] Cog loaded: bj
08:55:28 [INFO] Cog loaded: doom
08:55:28 [INFO] Cog loaded: kill
08:55:28 [INFO] Cog loaded: embed_slash
08:55:28 [INFO] Cog loaded: cum
08:55:28 [INFO] Cog loaded: botSettings
08:55:28 [INFO] Cog loaded: embed
08:55:28 [INFO] Cog loaded: music
08:55:28 [INFO] Cog loaded: tts
08:55:28 [INFO] Cog loaded: unban
08:55:28 [INFO] Cog loaded: pp
08:55:28 [INFO] Cog loaded: dm
08:55:28 [INFO] Cog loaded: leaderboard
08:55:28 [INFO] Cog loaded: rate
08:55:28 [INFO] Cog loaded: ban
08:55:28 [INFO] Cog loaded: can
08:55:28 [INFO] Cog loaded: help
08:55:28 [INFO] Cog loaded: rate_slash
08:55:28 [INFO] Cog loaded: savevalue
08:55:28 [INFO] Cog loaded: languages
08:55:28 [INFO] Cog loaded: work
08:55:28 [INFO] Cog loaded: check
08:55:28 [INFO] Cog loaded: idea
08:55:28 [INFO] Cog loaded: check_slash
08:55:28 [INFO] Cog loaded: op
08:55:28 [INFO] Cog loaded: alt
08:55:28 [INFO] Cog loaded: ascii
08:55:28 [INFO] Cog loaded: give_money
08:55:28 [INFO] Cog loaded: lyrics
08:55:28 [INFO] Cog loaded: setlanguage
08:55:28 [INFO] Cog loaded: pay
08:55:28 [INFO] Cog loaded: info
08:55:28 [INFO] Cog loaded: balance
08:55:28 [INFO] Cog loaded: nick
08:55:28 [INFO] Cog loaded: hex
08:55:28 [INFO] Cog loaded: whois
08:55:28 [INFO] Cog loaded: set_money
08:55:28 [INFO] Cog loaded: say_slash
08:55:28 [INFO] Cog loaded: data
08:55:28 [INFO] Cog loaded: logs
08:55:28 [INFO] Cog loaded: say
08:55:28 [INFO] Cog loaded: deop
08:55:28 [INFO] Cog loaded: yt
08:55:28 [INFO] Cog loaded: prefix
08:55:28 [INFO] Cog loaded: loop_template
08:55:28 [INFO] Cog loaded: auto_backup
08:55:31 [INFO] Startup: Pybot#9863 is online!
08:55:36 [INFO] M2rsh#6595: b!info
