07:45:34 [INFO] Cog loaded: on_command_error
07:45:34 [INFO] Cog loaded: on_ready
07:45:34 [INFO] Cog loaded: pirate
07:45:34 [INFO] Cog loaded: meme
07:45:34 [INFO] Cog loaded: iq
07:45:34 [INFO] Cog loaded: bj
07:45:34 [INFO] Cog loaded: doom
07:45:34 [INFO] Cog loaded: kill
07:45:34 [INFO] Cog loaded: embed_slash
07:45:34 [INFO] Cog loaded: cum
07:45:34 [INFO] Cog loaded: embed
07:45:35 [INFO] Cog loaded: music
07:45:35 [INFO] Cog loaded: tts
07:45:35 [INFO] Cog loaded: unban
07:45:35 [INFO] Cog loaded: pp
07:45:35 [INFO] Cog loaded: dm
07:45:35 [INFO] Cog loaded: leaderboard
07:45:35 [INFO] Cog loaded: rate
07:45:35 [INFO] Cog loaded: ban
07:45:35 [INFO] Cog loaded: can
07:45:35 [INFO] Cog loaded: help
07:45:35 [INFO] Cog loaded: rate_slash
07:45:35 [INFO] Cog loaded: languages
07:45:35 [INFO] Cog loaded: work
07:45:35 [INFO] Cog loaded: check
07:45:35 [INFO] Cog loaded: idea
