08:31:15 [INFO] Cog loaded: on_command_error
08:31:15 [INFO] Cog loaded: on_ready
08:31:15 [INFO] Cog loaded: pirate
08:31:15 [INFO] Cog loaded: meme
08:31:15 [INFO] Cog loaded: iq
08:31:15 [INFO] Cog loaded: bj
08:31:15 [INFO] Cog loaded: doom
08:31:15 [INFO] Cog loaded: kill
08:31:15 [INFO] Cog loaded: embed_slash
08:31:15 [INFO] Cog loaded: cum
08:31:15 [INFO] Cog loaded: botSettings
08:31:15 [INFO] Cog loaded: embed
08:31:15 [INFO] Cog loaded: music
08:31:15 [INFO] Cog loaded: tts
08:31:15 [INFO] Cog loaded: unban
08:31:15 [INFO] Cog loaded: pp
08:31:15 [INFO] Cog loaded: dm
08:31:15 [INFO] Cog loaded: leaderboard
08:31:15 [INFO] Cog loaded: rate
08:31:15 [INFO] Cog loaded: ban
08:31:15 [INFO] Cog loaded: can
08:31:15 [INFO] Cog loaded: help
08:31:15 [INFO] Cog loaded: rate_slash
08:31:15 [INFO] Cog loaded: languages
08:31:15 [INFO] Cog loaded: work
08:31:15 [INFO] Cog loaded: check
08:31:15 [INFO] Cog loaded: idea
08:31:15 [INFO] Cog loaded: check_slash
08:31:15 [INFO] Cog loaded: op
08:31:15 [INFO] Cog loaded: alt
08:31:15 [INFO] Cog loaded: ascii
08:31:15 [INFO] Cog loaded: give_money
08:31:16 [INFO] Cog loaded: lyrics
