07:46:37 [INFO] Cog loaded: on_command_error
07:46:37 [INFO] Cog loaded: on_ready
07:46:37 [INFO] Cog loaded: pirate
07:46:37 [INFO] Cog loaded: meme
07:46:37 [INFO] Cog loaded: iq
07:46:37 [INFO] Cog loaded: bj
07:46:37 [INFO] Cog loaded: doom
07:46:37 [INFO] Cog loaded: kill
07:46:37 [INFO] Cog loaded: embed_slash
07:46:37 [INFO] Cog loaded: cum
07:46:37 [INFO] Cog loaded: botSettings
07:46:37 [INFO] Cog loaded: embed
07:46:37 [INFO] Cog loaded: music
07:46:37 [INFO] Cog loaded: tts
07:46:37 [INFO] Cog loaded: unban
07:46:37 [INFO] Cog loaded: pp
07:46:37 [INFO] Cog loaded: dm
07:46:37 [INFO] Cog loaded: leaderboard
07:46:37 [INFO] Cog loaded: rate
07:46:37 [INFO] Cog loaded: ban
07:46:37 [INFO] Cog loaded: can
07:46:37 [INFO] Cog loaded: help
07:46:37 [INFO] Cog loaded: rate_slash
07:46:37 [INFO] Cog loaded: languages
07:46:37 [INFO] Cog loaded: work
07:46:37 [INFO] Cog loaded: check
07:46:37 [INFO] Cog loaded: idea
07:46:37 [INFO] Cog loaded: check_slash
07:46:37 [INFO] Cog loaded: op
07:46:37 [INFO] Cog loaded: alt
07:46:37 [INFO] Cog loaded: ascii
07:46:37 [INFO] Cog loaded: give_money
07:46:38 [INFO] Cog loaded: lyrics
07:46:38 [INFO] Cog loaded: setlanguage
07:46:38 [INFO] Cog loaded: pay
07:46:38 [INFO] Cog loaded: info
07:46:38 [INFO] Cog loaded: balance
07:46:38 [INFO] Cog loaded: nick
07:46:38 [INFO] Cog loaded: hex
07:46:38 [INFO] Cog loaded: whois
07:46:38 [INFO] Cog loaded: set_money
07:46:38 [INFO] Cog loaded: say_slash
07:46:38 [INFO] Cog loaded: data
07:46:38 [INFO] Cog loaded: logs
07:46:38 [INFO] Cog loaded: say
07:46:38 [INFO] Cog loaded: deop
07:46:38 [INFO] Cog loaded: yt
07:46:38 [INFO] Cog loaded: prefix
07:46:38 [INFO] Cog loaded: loop_template
07:46:38 [INFO] Cog loaded: auto_backup
07:46:41 [INFO] Startup: Pybot#9863 is online!
