07:37:59 [INFO] Cog loaded: on_command_error
07:37:59 [INFO] Cog loaded: on_ready
07:37:59 [INFO] Cog loaded: pirate
07:37:59 [INFO] Cog loaded: meme
07:37:59 [INFO] Cog loaded: iq
07:37:59 [INFO] Cog loaded: bj
07:37:59 [INFO] Cog loaded: doom
07:37:59 [INFO] Cog loaded: kill
07:37:59 [INFO] Cog loaded: embed_slash
07:37:59 [INFO] Cog loaded: cum
07:37:59 [INFO] Cog loaded: embed
07:37:59 [INFO] Cog loaded: music
07:37:59 [INFO] Cog loaded: tts
07:37:59 [INFO] Cog loaded: unban
07:37:59 [INFO] Cog loaded: pp
07:37:59 [INFO] Cog loaded: dm
07:37:59 [INFO] Cog loaded: leaderboard
07:37:59 [INFO] Cog loaded: rate
07:37:59 [INFO] Cog loaded: ban
07:37:59 [INFO] Cog loaded: can
07:37:59 [INFO] Cog loaded: help
07:37:59 [INFO] Cog loaded: rate_slash
07:37:59 [INFO] Cog loaded: languages
07:37:59 [INFO] Cog loaded: work
07:37:59 [INFO] Cog loaded: check
07:37:59 [INFO] Cog loaded: idea
07:37:59 [INFO] Cog loaded: check_slash
07:37:59 [INFO] Cog loaded: op
07:37:59 [INFO] Cog loaded: alt
07:37:59 [INFO] Cog loaded: ascii
07:37:59 [INFO] Cog loaded: give_money
07:37:59 [INFO] Cog loaded: lyrics
07:37:59 [INFO] Cog loaded: setlanguage
07:37:59 [INFO] Cog loaded: pay
07:37:59 [INFO] Cog loaded: info
07:37:59 [INFO] Cog loaded: balance
07:37:59 [INFO] Cog loaded: nick
07:37:59 [INFO] Cog loaded: hex
07:37:59 [INFO] Cog loaded: whois
07:37:59 [INFO] Cog loaded: set_money
07:37:59 [INFO] Cog loaded: say_slash
07:37:59 [INFO] Cog loaded: data
07:37:59 [INFO] Cog loaded: logs
07:37:59 [INFO] Cog loaded: say
07:37:59 [INFO] Cog loaded: deop
07:37:59 [INFO] Cog loaded: yt
07:37:59 [INFO] Cog loaded: prefix
07:37:59 [INFO] Cog loaded: loop_template
07:37:59 [INFO] Cog loaded: auto_backup
07:38:03 [INFO] Startup: Pybot#9863 is online!
07:38:19 [INFO] mariyt#5376: <@885631013844291674> help
