07:46:01 [INFO] Cog loaded: on_command_error
07:46:01 [INFO] Cog loaded: on_ready
07:46:01 [INFO] Cog loaded: pirate
07:46:01 [INFO] Cog loaded: meme
07:46:01 [INFO] Cog loaded: iq
07:46:01 [INFO] Cog loaded: bj
07:46:01 [INFO] Cog loaded: doom
07:46:01 [INFO] Cog loaded: kill
07:46:01 [INFO] Cog loaded: embed_slash
07:46:01 [INFO] Cog loaded: cum
07:46:01 [INFO] Cog loaded: embed
07:46:01 [INFO] Cog loaded: music
07:46:01 [INFO] Cog loaded: tts
07:46:01 [INFO] Cog loaded: unban
07:46:01 [INFO] Cog loaded: pp
07:46:01 [INFO] Cog loaded: dm
07:46:01 [INFO] Cog loaded: leaderboard
07:46:01 [INFO] Cog loaded: rate
07:46:01 [INFO] Cog loaded: ban
07:46:01 [INFO] Cog loaded: can
07:46:01 [INFO] Cog loaded: help
07:46:01 [INFO] Cog loaded: rate_slash
07:46:01 [INFO] Cog loaded: languages
07:46:01 [INFO] Cog loaded: work
07:46:01 [INFO] Cog loaded: check
07:46:01 [INFO] Cog loaded: idea
