09:30:32 [INFO] Cog loaded: on_message
09:30:32 [INFO] Cog loaded: on_command_error
09:30:32 [INFO] Cog loaded: on_ready
09:30:32 [INFO] Cog loaded: pirate
09:30:32 [INFO] Cog loaded: meme
09:30:32 [INFO] Cog loaded: iq
09:30:32 [INFO] Cog loaded: bj
09:30:32 [INFO] Cog loaded: doom
09:30:32 [INFO] Cog loaded: kill
09:30:32 [INFO] Cog loaded: embed_slash
09:30:32 [INFO] Cog loaded: cum
09:30:32 [INFO] Cog loaded: botSettings
09:30:32 [INFO] Cog loaded: embed
09:30:32 [INFO] Cog loaded: music
09:30:32 [INFO] Cog loaded: tts
09:30:32 [INFO] Cog loaded: unban
09:30:32 [INFO] Cog loaded: pp
09:30:32 [INFO] Cog loaded: dm
09:30:32 [INFO] Cog loaded: leaderboard
09:30:32 [INFO] Cog loaded: rate
09:30:32 [INFO] Cog loaded: ban
09:30:32 [INFO] Cog loaded: can
09:30:32 [INFO] Cog loaded: help
09:30:32 [INFO] Cog loaded: rate_slash
09:30:32 [INFO] Cog loaded: languages
09:30:32 [INFO] Cog loaded: work
09:30:32 [INFO] Cog loaded: check
09:30:32 [INFO] Cog loaded: idea
09:30:32 [INFO] Cog loaded: check_slash
09:30:32 [INFO] Cog loaded: op
09:30:32 [INFO] Cog loaded: alt
09:30:32 [INFO] Cog loaded: ascii
09:30:32 [INFO] Cog loaded: give_money
09:30:32 [INFO] Cog loaded: lyrics
09:30:32 [INFO] Cog loaded: setlanguage
09:30:32 [INFO] Cog loaded: pay
09:30:32 [INFO] Cog loaded: info
09:30:32 [INFO] Cog loaded: balance
09:30:32 [INFO] Cog loaded: nick
09:30:32 [INFO] Cog loaded: hex
09:30:32 [INFO] Cog loaded: whois
09:30:32 [INFO] Cog loaded: set_money
09:30:32 [INFO] Cog loaded: say_slash
09:30:32 [INFO] Cog loaded: data
09:30:32 [INFO] Cog loaded: logs
09:30:32 [INFO] Cog loaded: say
09:30:32 [INFO] Cog loaded: deop
09:30:32 [INFO] Cog loaded: yt
09:30:32 [INFO] Cog loaded: prefix
09:30:32 [INFO] Cog loaded: loop_template
09:30:32 [INFO] Cog loaded: auto_backup
09:30:35 [INFO] Startup: Pybot#9863 is online!
