11:41:36 [INFO] Cog loaded: on_message
11:41:36 [INFO] Cog loaded: on_command_error
11:41:36 [INFO] Cog loaded: on_ready
11:41:36 [INFO] Cog loaded: pirate
11:41:36 [INFO] Cog loaded: meme
11:41:36 [INFO] Cog loaded: iq
11:41:36 [INFO] Cog loaded: bj
11:41:36 [INFO] Cog loaded: doom
11:41:36 [INFO] Cog loaded: kill
11:41:36 [INFO] Cog loaded: embed_slash
11:41:36 [INFO] Cog loaded: cum
11:41:36 [INFO] Cog loaded: botSettings
11:41:36 [INFO] Cog loaded: embed
11:41:37 [INFO] Cog loaded: music
11:41:37 [INFO] Cog loaded: tts
11:41:37 [INFO] Cog loaded: unban
11:41:37 [INFO] Cog loaded: pp
11:41:37 [INFO] Cog loaded: dm
11:41:37 [INFO] Cog loaded: leaderboard
11:41:37 [INFO] Cog loaded: rate
11:41:37 [INFO] Cog loaded: ban
11:41:37 [INFO] Cog loaded: can
11:41:37 [INFO] Cog loaded: help
11:41:37 [INFO] Cog loaded: rate_slash
11:41:37 [INFO] Cog loaded: languages
11:41:37 [INFO] Cog loaded: work
11:41:37 [INFO] Cog loaded: check
11:41:37 [INFO] Cog loaded: idea
11:41:37 [INFO] Cog loaded: check_slash
11:41:37 [INFO] Cog loaded: op
11:41:37 [INFO] Cog loaded: alt
11:41:37 [INFO] Cog loaded: ascii
11:41:37 [INFO] Cog loaded: give_money
11:41:37 [INFO] Cog loaded: lyrics
11:41:37 [INFO] Cog loaded: setlanguage
11:41:37 [INFO] Cog loaded: pay
11:41:37 [INFO] Cog loaded: info
11:41:37 [INFO] Cog loaded: balance
11:41:37 [INFO] Cog loaded: nick
11:41:37 [INFO] Cog loaded: hex
11:41:37 [INFO] Cog loaded: whois
11:41:37 [INFO] Cog loaded: set_money
11:41:37 [INFO] Cog loaded: say_slash
11:41:37 [INFO] Cog loaded: data
11:41:37 [INFO] Cog loaded: logs
11:41:37 [INFO] Cog loaded: say
11:41:37 [INFO] Cog loaded: deop
11:41:37 [INFO] Cog loaded: yt
11:41:37 [INFO] Cog loaded: prefix
11:41:37 [INFO] Cog loaded: loop_template
11:41:37 [INFO] Cog loaded: auto_backup
11:41:40 [INFO] Startup: Pybot#9863 is online!
11:41:42 [INFO] mariyt#5376: b!play test
