00:18:15 [INFO] Cog loaded: on_message
00:18:15 [INFO] Cog loaded: on_command_error
00:18:15 [INFO] Cog loaded: on_ready
00:18:15 [INFO] Cog loaded: pirate
00:18:15 [INFO] Cog loaded: meme
00:18:15 [INFO] Cog loaded: iq
00:18:15 [INFO] Cog loaded: bj
00:18:15 [INFO] Cog loaded: doom
00:18:15 [INFO] Cog loaded: kill
00:18:15 [INFO] Cog loaded: embed_slash
00:18:15 [INFO] Cog loaded: cum
00:18:15 [INFO] Cog loaded: botSettings
00:18:15 [INFO] Cog loaded: embed
00:18:15 [INFO] Cog loaded: music
00:18:15 [INFO] Cog loaded: tts
00:18:15 [INFO] Cog loaded: unban
00:18:15 [INFO] Cog loaded: pp
00:18:15 [INFO] Cog loaded: dm
00:18:15 [INFO] Cog loaded: leaderboard
00:18:15 [INFO] Cog loaded: rate
00:18:15 [INFO] Cog loaded: ban
00:18:15 [INFO] Cog loaded: can
00:18:15 [INFO] Cog loaded: help
00:18:15 [INFO] Cog loaded: rate_slash
00:18:15 [INFO] Cog loaded: languages
00:18:15 [INFO] Cog loaded: work
00:18:15 [INFO] Cog loaded: check
00:18:15 [INFO] Cog loaded: idea
00:18:15 [INFO] Cog loaded: check_slash
00:18:15 [INFO] Cog loaded: op
00:18:15 [INFO] Cog loaded: alt
00:18:15 [INFO] Cog loaded: ascii
00:18:15 [INFO] Cog loaded: give_money
00:18:15 [INFO] Cog loaded: lyrics
00:18:15 [INFO] Cog loaded: setlanguage
00:18:15 [INFO] Cog loaded: pay
00:18:15 [INFO] Cog loaded: info
00:18:15 [INFO] Cog loaded: balance
00:18:15 [INFO] Cog loaded: nick
00:18:15 [INFO] Cog loaded: hex
00:18:15 [INFO] Cog loaded: whois
00:18:15 [INFO] Cog loaded: set_money
00:18:15 [INFO] Cog loaded: say_slash
00:18:15 [INFO] Cog loaded: data
00:18:15 [INFO] Cog loaded: logs
00:18:15 [INFO] Cog loaded: say
00:18:15 [INFO] Cog loaded: deop
00:18:15 [INFO] Cog loaded: yt
00:18:15 [INFO] Cog loaded: prefix
00:18:15 [INFO] Cog loaded: loop_template
00:18:15 [INFO] Cog loaded: auto_backup
00:18:18 [INFO] Startup: Pybot#9863 is online!
