00:21:30 [INFO] Cog loaded: on_message
00:21:30 [INFO] Cog loaded: on_command_error
00:21:30 [INFO] Cog loaded: on_ready
00:21:30 [INFO] Cog loaded: pirate
00:21:30 [INFO] Cog loaded: meme
00:21:31 [INFO] Cog loaded: iq
00:21:31 [INFO] Cog loaded: bj
00:21:31 [INFO] Cog loaded: doom
00:21:31 [INFO] Cog loaded: kill
00:21:31 [INFO] Cog loaded: embed_slash
00:21:31 [INFO] Cog loaded: cum
00:21:31 [INFO] Cog loaded: botSettings
00:21:31 [INFO] Cog loaded: embed
00:21:31 [INFO] Cog loaded: music
00:21:31 [INFO] Cog loaded: tts
00:21:31 [INFO] Cog loaded: unban
00:21:31 [INFO] Cog loaded: pp
00:21:31 [INFO] Cog loaded: dm
00:21:31 [INFO] Cog loaded: leaderboard
00:21:31 [INFO] Cog loaded: rate
00:21:31 [INFO] Cog loaded: ban
00:21:31 [INFO] Cog loaded: can
00:21:31 [INFO] Cog loaded: help
00:21:31 [INFO] Cog loaded: rate_slash
00:21:31 [INFO] Cog loaded: languages
00:21:31 [INFO] Cog loaded: work
00:21:31 [INFO] Cog loaded: check
00:21:31 [INFO] Cog loaded: idea
00:21:31 [INFO] Cog loaded: check_slash
00:21:31 [INFO] Cog loaded: op
00:21:31 [INFO] Cog loaded: alt
00:21:31 [INFO] Cog loaded: ascii
00:21:31 [INFO] Cog loaded: give_money
00:21:31 [INFO] Cog loaded: lyrics
00:21:31 [INFO] Cog loaded: setlanguage
00:21:31 [INFO] Cog loaded: pay
00:21:31 [INFO] Cog loaded: info
00:21:31 [INFO] Cog loaded: balance
00:21:31 [INFO] Cog loaded: nick
00:21:31 [INFO] Cog loaded: hex
00:21:31 [INFO] Cog loaded: whois
00:21:31 [INFO] Cog loaded: set_money
00:21:31 [INFO] Cog loaded: say_slash
00:21:31 [INFO] Cog loaded: data
00:21:31 [INFO] Cog loaded: logs
00:21:31 [INFO] Cog loaded: say
00:21:31 [INFO] Cog loaded: deop
00:21:31 [INFO] Cog loaded: yt
00:21:31 [INFO] Cog loaded: prefix
00:21:31 [INFO] Cog loaded: loop_template
00:21:31 [INFO] Cog loaded: auto_backup
